The system is: Linux - 3.10.0-229.14.1.el7.x86_64 - x86_64
Compiling the C compiler identification source file "CMakeCCompilerId.c" succeeded.
Compiler: /opt/intel/compilers_and_libraries_2016.0.109/linux/mpi/intel64/bin/mpiicc 
Build flags: 
Id flags: 

The output was:
0


Compilation of the C compiler identification source "CMakeCCompilerId.c" produced "a.out"

The C compiler identification is Intel, found in "/home/ruman/algorithm_engineering/u6/MPI_hello_world_omp/build/CMakeFiles/3.3.1/CompilerIdC/a.out"

Compiling the CXX compiler identification source file "CMakeCXXCompilerId.cpp" succeeded.
Compiler: /opt/intel/compilers_and_libraries_2016.0.109/linux/mpi/intel64/bin/mpiicpc 
Build flags: 
Id flags: 

The output was:
0


Compilation of the CXX compiler identification source "CMakeCXXCompilerId.cpp" produced "a.out"

The CXX compiler identification is Intel, found in "/home/ruman/algorithm_engineering/u6/MPI_hello_world_omp/build/CMakeFiles/3.3.1/CompilerIdCXX/a.out"

Determining if the C compiler works passed with the following output:
Change Dir: /home/ruman/algorithm_engineering/u6/MPI_hello_world_omp/build/CMakeFiles/CMakeTmp

Run Build Command:"/usr/bin/gmake" "cmTC_66aa5/fast"
/usr/bin/gmake -f CMakeFiles/cmTC_66aa5.dir/build.make CMakeFiles/cmTC_66aa5.dir/build
gmake[1]: Entering directory `/home/ruman/algorithm_engineering/u6/MPI_hello_world_omp/build/CMakeFiles/CMakeTmp'
Building C object CMakeFiles/cmTC_66aa5.dir/testCCompiler.c.o
/opt/intel/compilers_and_libraries_2016.0.109/linux/mpi/intel64/bin/mpiicc    -o CMakeFiles/cmTC_66aa5.dir/testCCompiler.c.o   -c /home/ruman/algorithm_engineering/u6/MPI_hello_world_omp/build/CMakeFiles/CMakeTmp/testCCompiler.c
Linking C executable cmTC_66aa5
/usr/local/stow/cmake-3.3.1/bin/cmake -E cmake_link_script CMakeFiles/cmTC_66aa5.dir/link.txt --verbose=1
/opt/intel/compilers_and_libraries_2016.0.109/linux/mpi/intel64/bin/mpiicc       CMakeFiles/cmTC_66aa5.dir/testCCompiler.c.o  -o cmTC_66aa5 -rdynamic 
gmake[1]: Leaving directory `/home/ruman/algorithm_engineering/u6/MPI_hello_world_omp/build/CMakeFiles/CMakeTmp'


Detecting C compiler ABI info compiled with the following output:
Change Dir: /home/ruman/algorithm_engineering/u6/MPI_hello_world_omp/build/CMakeFiles/CMakeTmp

Run Build Command:"/usr/bin/gmake" "cmTC_54d45/fast"
/usr/bin/gmake -f CMakeFiles/cmTC_54d45.dir/build.make CMakeFiles/cmTC_54d45.dir/build
gmake[1]: Entering directory `/home/ruman/algorithm_engineering/u6/MPI_hello_world_omp/build/CMakeFiles/CMakeTmp'
Building C object CMakeFiles/cmTC_54d45.dir/CMakeCCompilerABI.c.o
/opt/intel/compilers_and_libraries_2016.0.109/linux/mpi/intel64/bin/mpiicc    -o CMakeFiles/cmTC_54d45.dir/CMakeCCompilerABI.c.o   -c /usr/local/stow/cmake-3.3.1/share/cmake-3.3/Modules/CMakeCCompilerABI.c
Linking C executable cmTC_54d45
/usr/local/stow/cmake-3.3.1/bin/cmake -E cmake_link_script CMakeFiles/cmTC_54d45.dir/link.txt --verbose=1
/opt/intel/compilers_and_libraries_2016.0.109/linux/mpi/intel64/bin/mpiicc      -v CMakeFiles/cmTC_54d45.dir/CMakeCCompilerABI.c.o  -o cmTC_54d45 -rdynamic  
mpiicc for the Intel(R) MPI Library 5.1.1 for Linux*
Copyright(C) 2003-2015, Intel Corporation.  All rights reserved.
icc version 16.0.0 (gcc version 5.2.0 compatibility)
/opt/intel/compilers_and_libraries_2016.0.109/linux/bin/intel64/mcpcom    -mGLOB_em64t=TRUE -mP1OPT_version=16.0-intel64 -mGLOB_diag_file=CMakeFiles/cmTC_54d45.dir/CMakeCCompilerABI.c.diag -mP1OPT_print_version=FALSE -mCG_use_gas_got_workaround=F -mP2OPT_align_option_used=TRUE -mGLOB_gcc_version=520 "-mGLOB_options_string=-I/opt/intel/compilers_and_libraries_2016.0.109/linux/mpi/intel64/include -v -o cmTC_54d45 -rdynamic -L/opt/intel/compilers_and_libraries_2016.0.109/linux/mpi/intel64/lib/release_mt -L/opt/intel/compilers_and_libraries_2016.0.109/linux/mpi/intel64/lib -Xlinker --enable-new-dtags -Xlinker -rpath -Xlinker /opt/intel/compilers_and_libraries_2016.0.109/linux/mpi/intel64/lib/release_mt -Xlinker -rpath -Xlinker /opt/intel/compilers_and_libraries_2016.0.109/linux/mpi/intel64/lib -Xlinker -rpath -Xlinker /opt/intel/mpi-rt/5.1/intel64/lib/release_mt -Xlinker -rpath -Xlinker /opt/intel/mpi-rt/5.1/intel64/lib -lmpifort -lmpi -lmpigi -ldl -lrt -lpthread" -mGLOB_cxx_limited_range=FALSE -mCG_extend_parms=FALSE -mGLOB_compiler_bin_directory=/opt/intel/compilers_and_libraries_2016.0.109/linux/bin/intel64 -mGLOB_as_output_backup_file_name=/tmp/iccqtwc9Mas_.s -mGLOB_dashboard_use_source_name -mIPOPT_activate -mGLOB_product_id_code=0x22006d91 -mP3OPT_use_mspp_call_convention -mP2OPT_subs_out_of_bound=FALSE -mP2OPT_disam_type_based_disam=2 -mP2OPT_disam_assume_ansi_c -mP2OPT_checked_disam_ansi_alias=TRUE -mGLOB_ansi_alias -mPGOPTI_value_profile_use=T -mGLOB_opt_report_use_source_name -mP2OPT_il0_array_sections=TRUE -mGLOB_offload_mode=1 -mP2OPT_offload_unique_var_string=icc0101347699947xKJz8L -mP2OPT_hlo -mP2OPT_hpo_rtt_control=0 -mIPOPT_args_in_regs=0 -mP2OPT_disam_assume_nonstd_intent_in=FALSE -mGLOB_imf_mapping_library=/opt/intel/compilers_and_libraries_2016.0.109/linux/bin/intel64/libiml_attr.so -mPGOPTI_gen_threadsafe_level=0 -mIPOPT_link -mIPOPT_ipo_activate -mIPOPT_mo_activate -mIPOPT_source_files_list=/tmp/iccslis4ldyCm -mIPOPT_mo_global_data -mIPOPT_link_script_file=/tmp/iccscriptwAE2Ma "-mIPOPT_cmdline_link="/lib/../lib64/crt1.o" "/lib/../lib64/crti.o" "/usr/local/stow/gcc-5.2/lib/gcc/x86_64-unknown-linux-gnu/5.2.0/crtbegin.o" "-export-dynamic" "--eh-frame-hdr" "--build-id" "-dynamic-linker" "/lib64/ld-linux-x86-64.so.2" "-m" "elf_x86_64" "-L/opt/intel/compilers_and_libraries_2016.0.109/linux/mpi/intel64/lib/release_mt" "-L/opt/intel/compilers_and_libraries_2016.0.109/linux/mpi/intel64/lib" "-o" "cmTC_54d45" "-L/opt/intel/compilers_and_libraries_2016.0.109/linux/compiler/lib/intel64" "-L/opt/intel/compilers_and_libraries_2016.0.109/linux/mkl/lib/intel64" "-L/opt/intel/compilers_and_libraries_2016.0.109/linux/tbb/lib/intel64/gcc4.1" "-L/opt/intel/compilers_and_libraries_2016.0.109/linux/compiler/lib/intel64_lin" "-L/usr/local/stow/gcc-5.2/lib/gcc/x86_64-unknown-linux-gnu/5.2.0/" "-L/usr/local/stow/gcc-5.2/lib/gcc/x86_64-unknown-linux-gnu/5.2.0/../../../../lib64" "-L/usr/local/stow/gcc-5.2/lib/gcc/x86_64-unknown-linux-gnu/5.2.0/../../../../lib64/" "-L/lib/../lib64" "-L/lib/../lib64/" "-L/usr/lib/../lib64" "-L/usr/lib/../lib64/" "-L/opt/intel/compilers_and_libraries_2016.0.109/linux/compiler/lib/intel64/" "-L/opt/intel/compilers_and_libraries_2016.0.109/linux/mkl/lib/intel64/" "-L/opt/intel/compilers_and_libraries_2016.0.109/linux/tbb/lib/intel64/gcc4.1/" "-L/usr/local/stow/gcc-5.2/lib/gcc/x86_64-unknown-linux-gnu/5.2.0/../../../" "-L/lib64" "-L/lib/" "-L/usr/lib64" "-L/usr/lib" "CMakeFiles/cmTC_54d45.dir/CMakeCCompilerABI.c.o" "--enable-new-dtags" "-rpath" "/opt/intel/compilers_and_libraries_2016.0.109/linux/mpi/intel64/lib/release_mt" "-rpath" "/opt/intel/compilers_and_libraries_2016.0.109/linux/mpi/intel64/lib" "-rpath" "/opt/intel/mpi-rt/5.1/intel64/lib/release_mt" "-rpath" "/opt/intel/mpi-rt/5.1/intel64/lib" "-lmpifort" "-lmpi" "-lmpigi" "-ldl" "-lrt" "-lpthread" "-Bdynamic" "-Bstatic" "-limf" "-lsvml" "-lirng" "-Bdynamic" "-lm" "-Bstatic" "-lipgo" "-ldecimal" "--as-needed" "-Bdynamic" "-lcilkrts" "-lstdc++" "--no-as-needed" "-lgcc" "-lgcc_s" "-Bstatic" "-lirc" "-lsvml" "-Bdynamic" "-lc" "-lgcc" "-lgcc_s" "-Bstatic" "-lirc_s" "-Bdynamic" "-ldl" "-lc" "/usr/local/stow/gcc-5.2/lib/gcc/x86_64-unknown-linux-gnu/5.2.0/crtend.o" "/lib/../lib64/crtn.o"" -mIPOPT_il_in_obj -mIPOPT_ipo_activate_warn=FALSE -mIPOPT_obj_output_file_name=/tmp/ipo_iccu3GQBv.o -mIPOPT_whole_archive_fixup_file_name=/tmp/iccwarchPz67vT -mGLOB_linker_version=2.23.52.0.1 -mGLOB_long_size_64 -mGLOB_routine_pointer_size_64 -mGLOB_driver_tempfile_name=/tmp/icctempfilegT0ONH -mP3OPT_asm_target=P3OPT_ASM_TARGET_GAS -mGLOB_async_unwind_tables=TRUE -mGLOB_obj_output_file=/tmp/ipo_iccu3GQBv.o -mGLOB_source_dialect=GLOB_SOURCE_DIALECT_NONE -mP1OPT_source_file_name=ipo_out.c CMakeFiles/cmTC_54d45.dir/CMakeCCompilerABI.c.o -mIPOPT_object_files=T -mIPOPT_assembly_files=/tmp/iccalisyRjHW7 -mIPOPT_generated_tempfiles=/tmp/iccelisybS86V -mIPOPT_embedded_object_base_name=/tmp/icceobjAgjBhK -mIPOPT_cmdline_link_new_name=/tmp/iccllisIqs4ry
ld    /lib/../lib64/crt1.o /lib/../lib64/crti.o /usr/local/stow/gcc-5.2/lib/gcc/x86_64-unknown-linux-gnu/5.2.0/crtbegin.o -export-dynamic --eh-frame-hdr --build-id -dynamic-linker /lib64/ld-linux-x86-64.so.2 -m elf_x86_64 -L/opt/intel/compilers_and_libraries_2016.0.109/linux/mpi/intel64/lib/release_mt -L/opt/intel/compilers_and_libraries_2016.0.109/linux/mpi/intel64/lib -o cmTC_54d45 -L/opt/intel/compilers_and_libraries_2016.0.109/linux/compiler/lib/intel64 -L/opt/intel/compilers_and_libraries_2016.0.109/linux/mkl/lib/intel64 -L/opt/intel/compilers_and_libraries_2016.0.109/linux/tbb/lib/intel64/gcc4.1 -L/opt/intel/compilers_and_libraries_2016.0.109/linux/compiler/lib/intel64_lin -L/usr/local/stow/gcc-5.2/lib/gcc/x86_64-unknown-linux-gnu/5.2.0/ -L/usr/local/stow/gcc-5.2/lib/gcc/x86_64-unknown-linux-gnu/5.2.0/../../../../lib64 -L/usr/local/stow/gcc-5.2/lib/gcc/x86_64-unknown-linux-gnu/5.2.0/../../../../lib64/ -L/lib/../lib64 -L/lib/../lib64/ -L/usr/lib/../lib64 -L/usr/lib/../lib64/ -L/opt/intel/compilers_and_libraries_2016.0.109/linux/compiler/lib/intel64/ -L/opt/intel/compilers_and_libraries_2016.0.109/linux/mkl/lib/intel64/ -L/opt/intel/compilers_and_libraries_2016.0.109/linux/tbb/lib/intel64/gcc4.1/ -L/usr/local/stow/gcc-5.2/lib/gcc/x86_64-unknown-linux-gnu/5.2.0/../../../ -L/lib64 -L/lib/ -L/usr/lib64 -L/usr/lib CMakeFiles/cmTC_54d45.dir/CMakeCCompilerABI.c.o --enable-new-dtags -rpath /opt/intel/compilers_and_libraries_2016.0.109/linux/mpi/intel64/lib/release_mt -rpath /opt/intel/compilers_and_libraries_2016.0.109/linux/mpi/intel64/lib -rpath /opt/intel/mpi-rt/5.1/intel64/lib/release_mt -rpath /opt/intel/mpi-rt/5.1/intel64/lib -lmpifort -lmpi -lmpigi -ldl -lrt -lpthread -Bdynamic -Bstatic -limf -lsvml -lirng -Bdynamic -lm -Bstatic -lipgo -ldecimal --as-needed -Bdynamic -lcilkrts -lstdc++ --no-as-needed -lgcc -lgcc_s -Bstatic -lirc -lsvml -Bdynamic -lc -lgcc -lgcc_s -Bstatic -lirc_s -Bdynamic -ldl -lc /usr/local/stow/gcc-5.2/lib/gcc/x86_64-unknown-linux-gnu/5.2.0/crtend.o /lib/../lib64/crtn.o
gmake[1]: Leaving directory `/home/ruman/algorithm_engineering/u6/MPI_hello_world_omp/build/CMakeFiles/CMakeTmp'


Parsed C implicit link information from above output:
  link line regex: [^( *|.*[/\])(ld|([^/\]+-)?ld|collect2)[^/\]*( |$)]
  ignore line: [Change Dir: /home/ruman/algorithm_engineering/u6/MPI_hello_world_omp/build/CMakeFiles/CMakeTmp]
  ignore line: []
  ignore line: [Run Build Command:"/usr/bin/gmake" "cmTC_54d45/fast"]
  ignore line: [/usr/bin/gmake -f CMakeFiles/cmTC_54d45.dir/build.make CMakeFiles/cmTC_54d45.dir/build]
  ignore line: [gmake[1]: Entering directory `/home/ruman/algorithm_engineering/u6/MPI_hello_world_omp/build/CMakeFiles/CMakeTmp']
  ignore line: [Building C object CMakeFiles/cmTC_54d45.dir/CMakeCCompilerABI.c.o]
  ignore line: [/opt/intel/compilers_and_libraries_2016.0.109/linux/mpi/intel64/bin/mpiicc    -o CMakeFiles/cmTC_54d45.dir/CMakeCCompilerABI.c.o   -c /usr/local/stow/cmake-3.3.1/share/cmake-3.3/Modules/CMakeCCompilerABI.c]
  ignore line: [Linking C executable cmTC_54d45]
  ignore line: [/usr/local/stow/cmake-3.3.1/bin/cmake -E cmake_link_script CMakeFiles/cmTC_54d45.dir/link.txt --verbose=1]
  ignore line: [/opt/intel/compilers_and_libraries_2016.0.109/linux/mpi/intel64/bin/mpiicc      -v CMakeFiles/cmTC_54d45.dir/CMakeCCompilerABI.c.o  -o cmTC_54d45 -rdynamic  ]
  ignore line: [mpiicc for the Intel(R) MPI Library 5.1.1 for Linux*]
  ignore line: [Copyright(C) 2003-2015, Intel Corporation.  All rights reserved.]
  ignore line: [icc version 16.0.0 (gcc version 5.2.0 compatibility)]
  ignore line: [/opt/intel/compilers_and_libraries_2016.0.109/linux/bin/intel64/mcpcom    -mGLOB_em64t=TRUE -mP1OPT_version=16.0-intel64 -mGLOB_diag_file=CMakeFiles/cmTC_54d45.dir/CMakeCCompilerABI.c.diag -mP1OPT_print_version=FALSE -mCG_use_gas_got_workaround=F -mP2OPT_align_option_used=TRUE -mGLOB_gcc_version=520 "-mGLOB_options_string=-I/opt/intel/compilers_and_libraries_2016.0.109/linux/mpi/intel64/include -v -o cmTC_54d45 -rdynamic -L/opt/intel/compilers_and_libraries_2016.0.109/linux/mpi/intel64/lib/release_mt -L/opt/intel/compilers_and_libraries_2016.0.109/linux/mpi/intel64/lib -Xlinker --enable-new-dtags -Xlinker -rpath -Xlinker /opt/intel/compilers_and_libraries_2016.0.109/linux/mpi/intel64/lib/release_mt -Xlinker -rpath -Xlinker /opt/intel/compilers_and_libraries_2016.0.109/linux/mpi/intel64/lib -Xlinker -rpath -Xlinker /opt/intel/mpi-rt/5.1/intel64/lib/release_mt -Xlinker -rpath -Xlinker /opt/intel/mpi-rt/5.1/intel64/lib -lmpifort -lmpi -lmpigi -ldl -lrt -lpthread" -mGLOB_cxx_limited_range=FALSE -mCG_extend_parms=FALSE -mGLOB_compiler_bin_directory=/opt/intel/compilers_and_libraries_2016.0.109/linux/bin/intel64 -mGLOB_as_output_backup_file_name=/tmp/iccqtwc9Mas_.s -mGLOB_dashboard_use_source_name -mIPOPT_activate -mGLOB_product_id_code=0x22006d91 -mP3OPT_use_mspp_call_convention -mP2OPT_subs_out_of_bound=FALSE -mP2OPT_disam_type_based_disam=2 -mP2OPT_disam_assume_ansi_c -mP2OPT_checked_disam_ansi_alias=TRUE -mGLOB_ansi_alias -mPGOPTI_value_profile_use=T -mGLOB_opt_report_use_source_name -mP2OPT_il0_array_sections=TRUE -mGLOB_offload_mode=1 -mP2OPT_offload_unique_var_string=icc0101347699947xKJz8L -mP2OPT_hlo -mP2OPT_hpo_rtt_control=0 -mIPOPT_args_in_regs=0 -mP2OPT_disam_assume_nonstd_intent_in=FALSE -mGLOB_imf_mapping_library=/opt/intel/compilers_and_libraries_2016.0.109/linux/bin/intel64/libiml_attr.so -mPGOPTI_gen_threadsafe_level=0 -mIPOPT_link -mIPOPT_ipo_activate -mIPOPT_mo_activate -mIPOPT_source_files_list=/tmp/iccslis4ldyCm -mIPOPT_mo_global_data -mIPOPT_link_script_file=/tmp/iccscriptwAE2Ma "-mIPOPT_cmdline_link="/lib/../lib64/crt1.o" "/lib/../lib64/crti.o" "/usr/local/stow/gcc-5.2/lib/gcc/x86_64-unknown-linux-gnu/5.2.0/crtbegin.o" "-export-dynamic" "--eh-frame-hdr" "--build-id" "-dynamic-linker" "/lib64/ld-linux-x86-64.so.2" "-m" "elf_x86_64" "-L/opt/intel/compilers_and_libraries_2016.0.109/linux/mpi/intel64/lib/release_mt" "-L/opt/intel/compilers_and_libraries_2016.0.109/linux/mpi/intel64/lib" "-o" "cmTC_54d45" "-L/opt/intel/compilers_and_libraries_2016.0.109/linux/compiler/lib/intel64" "-L/opt/intel/compilers_and_libraries_2016.0.109/linux/mkl/lib/intel64" "-L/opt/intel/compilers_and_libraries_2016.0.109/linux/tbb/lib/intel64/gcc4.1" "-L/opt/intel/compilers_and_libraries_2016.0.109/linux/compiler/lib/intel64_lin" "-L/usr/local/stow/gcc-5.2/lib/gcc/x86_64-unknown-linux-gnu/5.2.0/" "-L/usr/local/stow/gcc-5.2/lib/gcc/x86_64-unknown-linux-gnu/5.2.0/../../../../lib64" "-L/usr/local/stow/gcc-5.2/lib/gcc/x86_64-unknown-linux-gnu/5.2.0/../../../../lib64/" "-L/lib/../lib64" "-L/lib/../lib64/" "-L/usr/lib/../lib64" "-L/usr/lib/../lib64/" "-L/opt/intel/compilers_and_libraries_2016.0.109/linux/compiler/lib/intel64/" "-L/opt/intel/compilers_and_libraries_2016.0.109/linux/mkl/lib/intel64/" "-L/opt/intel/compilers_and_libraries_2016.0.109/linux/tbb/lib/intel64/gcc4.1/" "-L/usr/local/stow/gcc-5.2/lib/gcc/x86_64-unknown-linux-gnu/5.2.0/../../../" "-L/lib64" "-L/lib/" "-L/usr/lib64" "-L/usr/lib" "CMakeFiles/cmTC_54d45.dir/CMakeCCompilerABI.c.o" "--enable-new-dtags" "-rpath" "/opt/intel/compilers_and_libraries_2016.0.109/linux/mpi/intel64/lib/release_mt" "-rpath" "/opt/intel/compilers_and_libraries_2016.0.109/linux/mpi/intel64/lib" "-rpath" "/opt/intel/mpi-rt/5.1/intel64/lib/release_mt" "-rpath" "/opt/intel/mpi-rt/5.1/intel64/lib" "-lmpifort" "-lmpi" "-lmpigi" "-ldl" "-lrt" "-lpthread" "-Bdynamic" "-Bstatic" "-limf" "-lsvml" "-lirng" "-Bdynamic" "-lm" "-Bstatic" "-lipgo" "-ldecimal" "--as-needed" "-Bdynamic" "-lcilkrts" "-lstdc++" "--no-as-needed" "-lgcc" "-lgcc_s" "-Bstatic" "-lirc" "-lsvml" "-Bdynamic" "-lc" "-lgcc" "-lgcc_s" "-Bstatic" "-lirc_s" "-Bdynamic" "-ldl" "-lc" "/usr/local/stow/gcc-5.2/lib/gcc/x86_64-unknown-linux-gnu/5.2.0/crtend.o" "/lib/../lib64/crtn.o"" -mIPOPT_il_in_obj -mIPOPT_ipo_activate_warn=FALSE -mIPOPT_obj_output_file_name=/tmp/ipo_iccu3GQBv.o -mIPOPT_whole_archive_fixup_file_name=/tmp/iccwarchPz67vT -mGLOB_linker_version=2.23.52.0.1 -mGLOB_long_size_64 -mGLOB_routine_pointer_size_64 -mGLOB_driver_tempfile_name=/tmp/icctempfilegT0ONH -mP3OPT_asm_target=P3OPT_ASM_TARGET_GAS -mGLOB_async_unwind_tables=TRUE -mGLOB_obj_output_file=/tmp/ipo_iccu3GQBv.o -mGLOB_source_dialect=GLOB_SOURCE_DIALECT_NONE -mP1OPT_source_file_name=ipo_out.c CMakeFiles/cmTC_54d45.dir/CMakeCCompilerABI.c.o -mIPOPT_object_files=T -mIPOPT_assembly_files=/tmp/iccalisyRjHW7 -mIPOPT_generated_tempfiles=/tmp/iccelisybS86V -mIPOPT_embedded_object_base_name=/tmp/icceobjAgjBhK -mIPOPT_cmdline_link_new_name=/tmp/iccllisIqs4ry]
  link line: [ld    /lib/../lib64/crt1.o /lib/../lib64/crti.o /usr/local/stow/gcc-5.2/lib/gcc/x86_64-unknown-linux-gnu/5.2.0/crtbegin.o -export-dynamic --eh-frame-hdr --build-id -dynamic-linker /lib64/ld-linux-x86-64.so.2 -m elf_x86_64 -L/opt/intel/compilers_and_libraries_2016.0.109/linux/mpi/intel64/lib/release_mt -L/opt/intel/compilers_and_libraries_2016.0.109/linux/mpi/intel64/lib -o cmTC_54d45 -L/opt/intel/compilers_and_libraries_2016.0.109/linux/compiler/lib/intel64 -L/opt/intel/compilers_and_libraries_2016.0.109/linux/mkl/lib/intel64 -L/opt/intel/compilers_and_libraries_2016.0.109/linux/tbb/lib/intel64/gcc4.1 -L/opt/intel/compilers_and_libraries_2016.0.109/linux/compiler/lib/intel64_lin -L/usr/local/stow/gcc-5.2/lib/gcc/x86_64-unknown-linux-gnu/5.2.0/ -L/usr/local/stow/gcc-5.2/lib/gcc/x86_64-unknown-linux-gnu/5.2.0/../../../../lib64 -L/usr/local/stow/gcc-5.2/lib/gcc/x86_64-unknown-linux-gnu/5.2.0/../../../../lib64/ -L/lib/../lib64 -L/lib/../lib64/ -L/usr/lib/../lib64 -L/usr/lib/../lib64/ -L/opt/intel/compilers_and_libraries_2016.0.109/linux/compiler/lib/intel64/ -L/opt/intel/compilers_and_libraries_2016.0.109/linux/mkl/lib/intel64/ -L/opt/intel/compilers_and_libraries_2016.0.109/linux/tbb/lib/intel64/gcc4.1/ -L/usr/local/stow/gcc-5.2/lib/gcc/x86_64-unknown-linux-gnu/5.2.0/../../../ -L/lib64 -L/lib/ -L/usr/lib64 -L/usr/lib CMakeFiles/cmTC_54d45.dir/CMakeCCompilerABI.c.o --enable-new-dtags -rpath /opt/intel/compilers_and_libraries_2016.0.109/linux/mpi/intel64/lib/release_mt -rpath /opt/intel/compilers_and_libraries_2016.0.109/linux/mpi/intel64/lib -rpath /opt/intel/mpi-rt/5.1/intel64/lib/release_mt -rpath /opt/intel/mpi-rt/5.1/intel64/lib -lmpifort -lmpi -lmpigi -ldl -lrt -lpthread -Bdynamic -Bstatic -limf -lsvml -lirng -Bdynamic -lm -Bstatic -lipgo -ldecimal --as-needed -Bdynamic -lcilkrts -lstdc++ --no-as-needed -lgcc -lgcc_s -Bstatic -lirc -lsvml -Bdynamic -lc -lgcc -lgcc_s -Bstatic -lirc_s -Bdynamic -ldl -lc /usr/local/stow/gcc-5.2/lib/gcc/x86_64-unknown-linux-gnu/5.2.0/crtend.o /lib/../lib64/crtn.o]
    arg [ld] ==> ignore
    arg [/lib/../lib64/crt1.o] ==> ignore
    arg [/lib/../lib64/crti.o] ==> ignore
    arg [/usr/local/stow/gcc-5.2/lib/gcc/x86_64-unknown-linux-gnu/5.2.0/crtbegin.o] ==> ignore
    arg [-export-dynamic] ==> ignore
    arg [--eh-frame-hdr] ==> ignore
    arg [--build-id] ==> ignore
    arg [-dynamic-linker] ==> ignore
    arg [/lib64/ld-linux-x86-64.so.2] ==> ignore
    arg [-m] ==> ignore
    arg [elf_x86_64] ==> ignore
    arg [-L/opt/intel/compilers_and_libraries_2016.0.109/linux/mpi/intel64/lib/release_mt] ==> dir [/opt/intel/compilers_and_libraries_2016.0.109/linux/mpi/intel64/lib/release_mt]
    arg [-L/opt/intel/compilers_and_libraries_2016.0.109/linux/mpi/intel64/lib] ==> dir [/opt/intel/compilers_and_libraries_2016.0.109/linux/mpi/intel64/lib]
    arg [-o] ==> ignore
    arg [cmTC_54d45] ==> ignore
    arg [-L/opt/intel/compilers_and_libraries_2016.0.109/linux/compiler/lib/intel64] ==> dir [/opt/intel/compilers_and_libraries_2016.0.109/linux/compiler/lib/intel64]
    arg [-L/opt/intel/compilers_and_libraries_2016.0.109/linux/mkl/lib/intel64] ==> dir [/opt/intel/compilers_and_libraries_2016.0.109/linux/mkl/lib/intel64]
    arg [-L/opt/intel/compilers_and_libraries_2016.0.109/linux/tbb/lib/intel64/gcc4.1] ==> dir [/opt/intel/compilers_and_libraries_2016.0.109/linux/tbb/lib/intel64/gcc4.1]
    arg [-L/opt/intel/compilers_and_libraries_2016.0.109/linux/compiler/lib/intel64_lin] ==> dir [/opt/intel/compilers_and_libraries_2016.0.109/linux/compiler/lib/intel64_lin]
    arg [-L/usr/local/stow/gcc-5.2/lib/gcc/x86_64-unknown-linux-gnu/5.2.0/] ==> dir [/usr/local/stow/gcc-5.2/lib/gcc/x86_64-unknown-linux-gnu/5.2.0/]
    arg [-L/usr/local/stow/gcc-5.2/lib/gcc/x86_64-unknown-linux-gnu/5.2.0/../../../../lib64] ==> dir [/usr/local/stow/gcc-5.2/lib/gcc/x86_64-unknown-linux-gnu/5.2.0/../../../../lib64]
    arg [-L/usr/local/stow/gcc-5.2/lib/gcc/x86_64-unknown-linux-gnu/5.2.0/../../../../lib64/] ==> dir [/usr/local/stow/gcc-5.2/lib/gcc/x86_64-unknown-linux-gnu/5.2.0/../../../../lib64/]
    arg [-L/lib/../lib64] ==> dir [/lib/../lib64]
    arg [-L/lib/../lib64/] ==> dir [/lib/../lib64/]
    arg [-L/usr/lib/../lib64] ==> dir [/usr/lib/../lib64]
    arg [-L/usr/lib/../lib64/] ==> dir [/usr/lib/../lib64/]
    arg [-L/opt/intel/compilers_and_libraries_2016.0.109/linux/compiler/lib/intel64/] ==> dir [/opt/intel/compilers_and_libraries_2016.0.109/linux/compiler/lib/intel64/]
    arg [-L/opt/intel/compilers_and_libraries_2016.0.109/linux/mkl/lib/intel64/] ==> dir [/opt/intel/compilers_and_libraries_2016.0.109/linux/mkl/lib/intel64/]
    arg [-L/opt/intel/compilers_and_libraries_2016.0.109/linux/tbb/lib/intel64/gcc4.1/] ==> dir [/opt/intel/compilers_and_libraries_2016.0.109/linux/tbb/lib/intel64/gcc4.1/]
    arg [-L/usr/local/stow/gcc-5.2/lib/gcc/x86_64-unknown-linux-gnu/5.2.0/../../../] ==> dir [/usr/local/stow/gcc-5.2/lib/gcc/x86_64-unknown-linux-gnu/5.2.0/../../../]
    arg [-L/lib64] ==> dir [/lib64]
    arg [-L/lib/] ==> dir [/lib/]
    arg [-L/usr/lib64] ==> dir [/usr/lib64]
    arg [-L/usr/lib] ==> dir [/usr/lib]
    arg [CMakeFiles/cmTC_54d45.dir/CMakeCCompilerABI.c.o] ==> ignore
    arg [--enable-new-dtags] ==> ignore
    arg [-rpath] ==> ignore
    arg [/opt/intel/compilers_and_libraries_2016.0.109/linux/mpi/intel64/lib/release_mt] ==> ignore
    arg [-rpath] ==> ignore
    arg [/opt/intel/compilers_and_libraries_2016.0.109/linux/mpi/intel64/lib] ==> ignore
    arg [-rpath] ==> ignore
    arg [/opt/intel/mpi-rt/5.1/intel64/lib/release_mt] ==> ignore
    arg [-rpath] ==> ignore
    arg [/opt/intel/mpi-rt/5.1/intel64/lib] ==> ignore
    arg [-lmpifort] ==> lib [mpifort]
    arg [-lmpi] ==> lib [mpi]
    arg [-lmpigi] ==> lib [mpigi]
    arg [-ldl] ==> lib [dl]
    arg [-lrt] ==> lib [rt]
    arg [-lpthread] ==> lib [pthread]
    arg [-Bdynamic] ==> ignore
    arg [-Bstatic] ==> ignore
    arg [-limf] ==> lib [imf]
    arg [-lsvml] ==> lib [svml]
    arg [-lirng] ==> lib [irng]
    arg [-Bdynamic] ==> ignore
    arg [-lm] ==> lib [m]
    arg [-Bstatic] ==> ignore
    arg [-lipgo] ==> lib [ipgo]
    arg [-ldecimal] ==> lib [decimal]
    arg [--as-needed] ==> ignore
    arg [-Bdynamic] ==> ignore
    arg [-lcilkrts] ==> lib [cilkrts]
    arg [-lstdc++] ==> lib [stdc++]
    arg [--no-as-needed] ==> ignore
    arg [-lgcc] ==> lib [gcc]
    arg [-lgcc_s] ==> lib [gcc_s]
    arg [-Bstatic] ==> ignore
    arg [-lirc] ==> lib [irc]
    arg [-lsvml] ==> lib [svml]
    arg [-Bdynamic] ==> ignore
    arg [-lc] ==> lib [c]
    arg [-lgcc] ==> lib [gcc]
    arg [-lgcc_s] ==> lib [gcc_s]
    arg [-Bstatic] ==> ignore
    arg [-lirc_s] ==> lib [irc_s]
    arg [-Bdynamic] ==> ignore
    arg [-ldl] ==> lib [dl]
    arg [-lc] ==> lib [c]
    arg [/usr/local/stow/gcc-5.2/lib/gcc/x86_64-unknown-linux-gnu/5.2.0/crtend.o] ==> ignore
    arg [/lib/../lib64/crtn.o] ==> ignore
  remove lib [gcc]
  remove lib [gcc_s]
  remove lib [gcc]
  remove lib [gcc_s]
  collapse library dir [/opt/intel/compilers_and_libraries_2016.0.109/linux/mpi/intel64/lib/release_mt] ==> [/opt/intel/compilers_and_libraries_2016.0.109/linux/mpi/intel64/lib/release_mt]
  collapse library dir [/opt/intel/compilers_and_libraries_2016.0.109/linux/mpi/intel64/lib] ==> [/opt/intel/compilers_and_libraries_2016.0.109/linux/mpi/intel64/lib]
  collapse library dir [/opt/intel/compilers_and_libraries_2016.0.109/linux/compiler/lib/intel64] ==> [/opt/intel/compilers_and_libraries_2016.0.109/linux/compiler/lib/intel64]
  collapse library dir [/opt/intel/compilers_and_libraries_2016.0.109/linux/mkl/lib/intel64] ==> [/opt/intel/compilers_and_libraries_2016.0.109/linux/mkl/lib/intel64]
  collapse library dir [/opt/intel/compilers_and_libraries_2016.0.109/linux/tbb/lib/intel64/gcc4.1] ==> [/opt/intel/compilers_and_libraries_2016.0.109/linux/tbb/lib/intel64/gcc4.1]
  collapse library dir [/opt/intel/compilers_and_libraries_2016.0.109/linux/compiler/lib/intel64_lin] ==> [/opt/intel/compilers_and_libraries_2016.0.109/linux/compiler/lib/intel64_lin]
  collapse library dir [/usr/local/stow/gcc-5.2/lib/gcc/x86_64-unknown-linux-gnu/5.2.0/] ==> [/usr/local/stow/gcc-5.2/lib/gcc/x86_64-unknown-linux-gnu/5.2.0]
  collapse library dir [/usr/local/stow/gcc-5.2/lib/gcc/x86_64-unknown-linux-gnu/5.2.0/../../../../lib64] ==> [/usr/local/stow/gcc-5.2/lib64]
  collapse library dir [/usr/local/stow/gcc-5.2/lib/gcc/x86_64-unknown-linux-gnu/5.2.0/../../../../lib64/] ==> [/usr/local/stow/gcc-5.2/lib64]
  collapse library dir [/lib/../lib64] ==> [/lib64]
  collapse library dir [/lib/../lib64/] ==> [/lib64]
  collapse library dir [/usr/lib/../lib64] ==> [/usr/lib64]
  collapse library dir [/usr/lib/../lib64/] ==> [/usr/lib64]
  collapse library dir [/opt/intel/compilers_and_libraries_2016.0.109/linux/compiler/lib/intel64/] ==> [/opt/intel/compilers_and_libraries_2016.0.109/linux/compiler/lib/intel64]
  collapse library dir [/opt/intel/compilers_and_libraries_2016.0.109/linux/mkl/lib/intel64/] ==> [/opt/intel/compilers_and_libraries_2016.0.109/linux/mkl/lib/intel64]
  collapse library dir [/opt/intel/compilers_and_libraries_2016.0.109/linux/tbb/lib/intel64/gcc4.1/] ==> [/opt/intel/compilers_and_libraries_2016.0.109/linux/tbb/lib/intel64/gcc4.1]
  collapse library dir [/usr/local/stow/gcc-5.2/lib/gcc/x86_64-unknown-linux-gnu/5.2.0/../../../] ==> [/usr/local/stow/gcc-5.2/lib]
  collapse library dir [/lib64] ==> [/lib64]
  collapse library dir [/lib/] ==> [/lib]
  collapse library dir [/usr/lib64] ==> [/usr/lib64]
  collapse library dir [/usr/lib] ==> [/usr/lib]
  implicit libs: [mpifort;mpi;mpigi;dl;rt;pthread;imf;svml;irng;m;ipgo;decimal;cilkrts;stdc++;irc;svml;c;irc_s;dl;c]
  implicit dirs: [/opt/intel/compilers_and_libraries_2016.0.109/linux/mpi/intel64/lib/release_mt;/opt/intel/compilers_and_libraries_2016.0.109/linux/mpi/intel64/lib;/opt/intel/compilers_and_libraries_2016.0.109/linux/compiler/lib/intel64;/opt/intel/compilers_and_libraries_2016.0.109/linux/mkl/lib/intel64;/opt/intel/compilers_and_libraries_2016.0.109/linux/tbb/lib/intel64/gcc4.1;/opt/intel/compilers_and_libraries_2016.0.109/linux/compiler/lib/intel64_lin;/usr/local/stow/gcc-5.2/lib/gcc/x86_64-unknown-linux-gnu/5.2.0;/usr/local/stow/gcc-5.2/lib64;/lib64;/usr/lib64;/usr/local/stow/gcc-5.2/lib;/lib;/usr/lib]
  implicit fwks: []


Determining if the CXX compiler works passed with the following output:
Change Dir: /home/ruman/algorithm_engineering/u6/MPI_hello_world_omp/build/CMakeFiles/CMakeTmp

Run Build Command:"/usr/bin/gmake" "cmTC_6cf3e/fast"
/usr/bin/gmake -f CMakeFiles/cmTC_6cf3e.dir/build.make CMakeFiles/cmTC_6cf3e.dir/build
gmake[1]: Entering directory `/home/ruman/algorithm_engineering/u6/MPI_hello_world_omp/build/CMakeFiles/CMakeTmp'
Building CXX object CMakeFiles/cmTC_6cf3e.dir/testCXXCompiler.cxx.o
/opt/intel/compilers_and_libraries_2016.0.109/linux/mpi/intel64/bin/mpiicpc     -o CMakeFiles/cmTC_6cf3e.dir/testCXXCompiler.cxx.o -c /home/ruman/algorithm_engineering/u6/MPI_hello_world_omp/build/CMakeFiles/CMakeTmp/testCXXCompiler.cxx
Linking CXX executable cmTC_6cf3e
/usr/local/stow/cmake-3.3.1/bin/cmake -E cmake_link_script CMakeFiles/cmTC_6cf3e.dir/link.txt --verbose=1
/opt/intel/compilers_and_libraries_2016.0.109/linux/mpi/intel64/bin/mpiicpc        CMakeFiles/cmTC_6cf3e.dir/testCXXCompiler.cxx.o  -o cmTC_6cf3e -rdynamic 
gmake[1]: Leaving directory `/home/ruman/algorithm_engineering/u6/MPI_hello_world_omp/build/CMakeFiles/CMakeTmp'


Detecting CXX compiler ABI info compiled with the following output:
Change Dir: /home/ruman/algorithm_engineering/u6/MPI_hello_world_omp/build/CMakeFiles/CMakeTmp

Run Build Command:"/usr/bin/gmake" "cmTC_7c6bf/fast"
/usr/bin/gmake -f CMakeFiles/cmTC_7c6bf.dir/build.make CMakeFiles/cmTC_7c6bf.dir/build
gmake[1]: Entering directory `/home/ruman/algorithm_engineering/u6/MPI_hello_world_omp/build/CMakeFiles/CMakeTmp'
Building CXX object CMakeFiles/cmTC_7c6bf.dir/CMakeCXXCompilerABI.cpp.o
/opt/intel/compilers_and_libraries_2016.0.109/linux/mpi/intel64/bin/mpiicpc     -o CMakeFiles/cmTC_7c6bf.dir/CMakeCXXCompilerABI.cpp.o -c /usr/local/stow/cmake-3.3.1/share/cmake-3.3/Modules/CMakeCXXCompilerABI.cpp
Linking CXX executable cmTC_7c6bf
/usr/local/stow/cmake-3.3.1/bin/cmake -E cmake_link_script CMakeFiles/cmTC_7c6bf.dir/link.txt --verbose=1
/opt/intel/compilers_and_libraries_2016.0.109/linux/mpi/intel64/bin/mpiicpc       -v CMakeFiles/cmTC_7c6bf.dir/CMakeCXXCompilerABI.cpp.o  -o cmTC_7c6bf -rdynamic  
mpiicpc for the Intel(R) MPI Library 5.1.1 for Linux*
Copyright(C) 2003-2015, Intel Corporation.  All rights reserved.
icpc version 16.0.0 (gcc version 5.2.0 compatibility)
/opt/intel/compilers_and_libraries_2016.0.109/linux/bin/intel64/mcpcom    -mGLOB_em64t=TRUE -mP1OPT_version=16.0-intel64 -mGLOB_diag_file=CMakeFiles/cmTC_7c6bf.dir/CMakeCXXCompilerABI.cpp.diag -mP1OPT_print_version=FALSE -mCG_use_gas_got_workaround=F -mP2OPT_align_option_used=TRUE -mGLOB_gcc_version=520 "-mGLOB_options_string=-I/opt/intel/compilers_and_libraries_2016.0.109/linux/mpi/intel64/include -v -o cmTC_7c6bf -rdynamic -L/opt/intel/compilers_and_libraries_2016.0.109/linux/mpi/intel64/lib/release_mt -L/opt/intel/compilers_and_libraries_2016.0.109/linux/mpi/intel64/lib -Xlinker --enable-new-dtags -Xlinker -rpath -Xlinker /opt/intel/compilers_and_libraries_2016.0.109/linux/mpi/intel64/lib/release_mt -Xlinker -rpath -Xlinker /opt/intel/compilers_and_libraries_2016.0.109/linux/mpi/intel64/lib -Xlinker -rpath -Xlinker /opt/intel/mpi-rt/5.1/intel64/lib/release_mt -Xlinker -rpath -Xlinker /opt/intel/mpi-rt/5.1/intel64/lib -lmpicxx -lmpifort -lmpi -lmpigi -ldl -lrt -lpthread" -mGLOB_cxx_limited_range=FALSE -mCG_extend_parms=FALSE -mGLOB_compiler_bin_directory=/opt/intel/compilers_and_libraries_2016.0.109/linux/bin/intel64 -mGLOB_as_output_backup_file_name=/tmp/icpcfsThn8as_.s -mGLOB_dashboard_use_source_name -mIPOPT_activate -mGLOB_product_id_code=0x22006d8e -mP3OPT_use_mspp_call_convention -mP2OPT_subs_out_of_bound=FALSE -mP2OPT_disam_type_based_disam=2 -mP2OPT_disam_assume_ansi_c -mP2OPT_checked_disam_ansi_alias=TRUE -mGLOB_ansi_alias -mPGOPTI_value_profile_use=T -mGLOB_opt_report_use_source_name -mP2OPT_il0_array_sections=TRUE -mGLOB_offload_mode=1 -mP2OPT_offload_unique_var_string=icpc0102125610781BBrVhT -mP2OPT_hlo -mP2OPT_hpo_rtt_control=0 -mIPOPT_args_in_regs=0 -mP2OPT_disam_assume_nonstd_intent_in=FALSE -mGLOB_imf_mapping_library=/opt/intel/compilers_and_libraries_2016.0.109/linux/bin/intel64/libiml_attr.so -mPGOPTI_gen_threadsafe_level=0 -mIPOPT_link -mIPOPT_ipo_activate -mIPOPT_mo_activate -mIPOPT_source_files_list=/tmp/icpcslisidDgVw -mIPOPT_mo_global_data -mIPOPT_link_script_file=/tmp/icpcscriptrWdyJo "-mIPOPT_cmdline_link="/lib/../lib64/crt1.o" "/lib/../lib64/crti.o" "/usr/local/stow/gcc-5.2/lib/gcc/x86_64-unknown-linux-gnu/5.2.0/crtbegin.o" "-export-dynamic" "--eh-frame-hdr" "--build-id" "-dynamic-linker" "/lib64/ld-linux-x86-64.so.2" "-m" "elf_x86_64" "-L/opt/intel/compilers_and_libraries_2016.0.109/linux/mpi/intel64/lib/release_mt" "-L/opt/intel/compilers_and_libraries_2016.0.109/linux/mpi/intel64/lib" "-o" "cmTC_7c6bf" "-L/opt/intel/compilers_and_libraries_2016.0.109/linux/compiler/lib/intel64" "-L/opt/intel/compilers_and_libraries_2016.0.109/linux/mkl/lib/intel64" "-L/opt/intel/compilers_and_libraries_2016.0.109/linux/tbb/lib/intel64/gcc4.1" "-L/opt/intel/compilers_and_libraries_2016.0.109/linux/compiler/lib/intel64_lin" "-L/usr/local/stow/gcc-5.2/lib/gcc/x86_64-unknown-linux-gnu/5.2.0/" "-L/usr/local/stow/gcc-5.2/lib/gcc/x86_64-unknown-linux-gnu/5.2.0/../../../../lib64" "-L/usr/local/stow/gcc-5.2/lib/gcc/x86_64-unknown-linux-gnu/5.2.0/../../../../lib64/" "-L/lib/../lib64" "-L/lib/../lib64/" "-L/usr/lib/../lib64" "-L/usr/lib/../lib64/" "-L/opt/intel/compilers_and_libraries_2016.0.109/linux/compiler/lib/intel64/" "-L/opt/intel/compilers_and_libraries_2016.0.109/linux/mkl/lib/intel64/" "-L/opt/intel/compilers_and_libraries_2016.0.109/linux/tbb/lib/intel64/gcc4.1/" "-L/usr/local/stow/gcc-5.2/lib/gcc/x86_64-unknown-linux-gnu/5.2.0/../../../" "-L/lib64" "-L/lib/" "-L/usr/lib64" "-L/usr/lib" "CMakeFiles/cmTC_7c6bf.dir/CMakeCXXCompilerABI.cpp.o" "--enable-new-dtags" "-rpath" "/opt/intel/compilers_and_libraries_2016.0.109/linux/mpi/intel64/lib/release_mt" "-rpath" "/opt/intel/compilers_and_libraries_2016.0.109/linux/mpi/intel64/lib" "-rpath" "/opt/intel/mpi-rt/5.1/intel64/lib/release_mt" "-rpath" "/opt/intel/mpi-rt/5.1/intel64/lib" "-lmpicxx" "-lmpifort" "-lmpi" "-lmpigi" "-ldl" "-lrt" "-lpthread" "-Bdynamic" "-Bstatic" "-limf" "-lsvml" "-lirng" "-Bdynamic" "-lm" "-Bstatic" "-lipgo" "-ldecimal" "--as-needed" "-Bdynamic" "-lcilkrts" "--no-as-needed" "-lstdc++" "-lgcc" "-lgcc_s" "-Bstatic" "-lirc" "-lsvml" "-Bdynamic" "-lc" "-lgcc" "-lgcc_s" "-Bstatic" "-lirc_s" "-Bdynamic" "-ldl" "-lc" "/usr/local/stow/gcc-5.2/lib/gcc/x86_64-unknown-linux-gnu/5.2.0/crtend.o" "/lib/../lib64/crtn.o"" -mIPOPT_il_in_obj -mIPOPT_ipo_activate_warn=FALSE -mIPOPT_obj_output_file_name=/tmp/ipo_icpc9uCM3j.o -mIPOPT_whole_archive_fixup_file_name=/tmp/icpcwarchrAxV9O -mGLOB_linker_version=2.23.52.0.1 -mGLOB_long_size_64 -mGLOB_routine_pointer_size_64 -mGLOB_driver_tempfile_name=/tmp/icpctempfileK09o5G -mP3OPT_asm_target=P3OPT_ASM_TARGET_GAS -mGLOB_async_unwind_tables=TRUE -mGLOB_obj_output_file=/tmp/ipo_icpc9uCM3j.o -mGLOB_source_dialect=GLOB_SOURCE_DIALECT_NONE -mP1OPT_source_file_name=ipo_out.c CMakeFiles/cmTC_7c6bf.dir/CMakeCXXCompilerABI.cpp.o -mIPOPT_object_files=T -mIPOPT_assembly_files=/tmp/icpcalisW6EeG3 -mIPOPT_generated_tempfiles=/tmp/icpcelis5MHtuV -mIPOPT_embedded_object_base_name=/tmp/icpceobj9LvJiN -mIPOPT_cmdline_link_new_name=/tmp/icpcllisyWOZ6E
ld    /lib/../lib64/crt1.o /lib/../lib64/crti.o /usr/local/stow/gcc-5.2/lib/gcc/x86_64-unknown-linux-gnu/5.2.0/crtbegin.o -export-dynamic --eh-frame-hdr --build-id -dynamic-linker /lib64/ld-linux-x86-64.so.2 -m elf_x86_64 -L/opt/intel/compilers_and_libraries_2016.0.109/linux/mpi/intel64/lib/release_mt -L/opt/intel/compilers_and_libraries_2016.0.109/linux/mpi/intel64/lib -o cmTC_7c6bf -L/opt/intel/compilers_and_libraries_2016.0.109/linux/compiler/lib/intel64 -L/opt/intel/compilers_and_libraries_2016.0.109/linux/mkl/lib/intel64 -L/opt/intel/compilers_and_libraries_2016.0.109/linux/tbb/lib/intel64/gcc4.1 -L/opt/intel/compilers_and_libraries_2016.0.109/linux/compiler/lib/intel64_lin -L/usr/local/stow/gcc-5.2/lib/gcc/x86_64-unknown-linux-gnu/5.2.0/ -L/usr/local/stow/gcc-5.2/lib/gcc/x86_64-unknown-linux-gnu/5.2.0/../../../../lib64 -L/usr/local/stow/gcc-5.2/lib/gcc/x86_64-unknown-linux-gnu/5.2.0/../../../../lib64/ -L/lib/../lib64 -L/lib/../lib64/ -L/usr/lib/../lib64 -L/usr/lib/../lib64/ -L/opt/intel/compilers_and_libraries_2016.0.109/linux/compiler/lib/intel64/ -L/opt/intel/compilers_and_libraries_2016.0.109/linux/mkl/lib/intel64/ -L/opt/intel/compilers_and_libraries_2016.0.109/linux/tbb/lib/intel64/gcc4.1/ -L/usr/local/stow/gcc-5.2/lib/gcc/x86_64-unknown-linux-gnu/5.2.0/../../../ -L/lib64 -L/lib/ -L/usr/lib64 -L/usr/lib CMakeFiles/cmTC_7c6bf.dir/CMakeCXXCompilerABI.cpp.o --enable-new-dtags -rpath /opt/intel/compilers_and_libraries_2016.0.109/linux/mpi/intel64/lib/release_mt -rpath /opt/intel/compilers_and_libraries_2016.0.109/linux/mpi/intel64/lib -rpath /opt/intel/mpi-rt/5.1/intel64/lib/release_mt -rpath /opt/intel/mpi-rt/5.1/intel64/lib -lmpicxx -lmpifort -lmpi -lmpigi -ldl -lrt -lpthread -Bdynamic -Bstatic -limf -lsvml -lirng -Bdynamic -lm -Bstatic -lipgo -ldecimal --as-needed -Bdynamic -lcilkrts --no-as-needed -lstdc++ -lgcc -lgcc_s -Bstatic -lirc -lsvml -Bdynamic -lc -lgcc -lgcc_s -Bstatic -lirc_s -Bdynamic -ldl -lc /usr/local/stow/gcc-5.2/lib/gcc/x86_64-unknown-linux-gnu/5.2.0/crtend.o /lib/../lib64/crtn.o
gmake[1]: Leaving directory `/home/ruman/algorithm_engineering/u6/MPI_hello_world_omp/build/CMakeFiles/CMakeTmp'


Parsed CXX implicit link information from above output:
  link line regex: [^( *|.*[/\])(ld|([^/\]+-)?ld|collect2)[^/\]*( |$)]
  ignore line: [Change Dir: /home/ruman/algorithm_engineering/u6/MPI_hello_world_omp/build/CMakeFiles/CMakeTmp]
  ignore line: []
  ignore line: [Run Build Command:"/usr/bin/gmake" "cmTC_7c6bf/fast"]
  ignore line: [/usr/bin/gmake -f CMakeFiles/cmTC_7c6bf.dir/build.make CMakeFiles/cmTC_7c6bf.dir/build]
  ignore line: [gmake[1]: Entering directory `/home/ruman/algorithm_engineering/u6/MPI_hello_world_omp/build/CMakeFiles/CMakeTmp']
  ignore line: [Building CXX object CMakeFiles/cmTC_7c6bf.dir/CMakeCXXCompilerABI.cpp.o]
  ignore line: [/opt/intel/compilers_and_libraries_2016.0.109/linux/mpi/intel64/bin/mpiicpc     -o CMakeFiles/cmTC_7c6bf.dir/CMakeCXXCompilerABI.cpp.o -c /usr/local/stow/cmake-3.3.1/share/cmake-3.3/Modules/CMakeCXXCompilerABI.cpp]
  ignore line: [Linking CXX executable cmTC_7c6bf]
  ignore line: [/usr/local/stow/cmake-3.3.1/bin/cmake -E cmake_link_script CMakeFiles/cmTC_7c6bf.dir/link.txt --verbose=1]
  ignore line: [/opt/intel/compilers_and_libraries_2016.0.109/linux/mpi/intel64/bin/mpiicpc       -v CMakeFiles/cmTC_7c6bf.dir/CMakeCXXCompilerABI.cpp.o  -o cmTC_7c6bf -rdynamic  ]
  ignore line: [mpiicpc for the Intel(R) MPI Library 5.1.1 for Linux*]
  ignore line: [Copyright(C) 2003-2015, Intel Corporation.  All rights reserved.]
  ignore line: [icpc version 16.0.0 (gcc version 5.2.0 compatibility)]
  ignore line: [/opt/intel/compilers_and_libraries_2016.0.109/linux/bin/intel64/mcpcom    -mGLOB_em64t=TRUE -mP1OPT_version=16.0-intel64 -mGLOB_diag_file=CMakeFiles/cmTC_7c6bf.dir/CMakeCXXCompilerABI.cpp.diag -mP1OPT_print_version=FALSE -mCG_use_gas_got_workaround=F -mP2OPT_align_option_used=TRUE -mGLOB_gcc_version=520 "-mGLOB_options_string=-I/opt/intel/compilers_and_libraries_2016.0.109/linux/mpi/intel64/include -v -o cmTC_7c6bf -rdynamic -L/opt/intel/compilers_and_libraries_2016.0.109/linux/mpi/intel64/lib/release_mt -L/opt/intel/compilers_and_libraries_2016.0.109/linux/mpi/intel64/lib -Xlinker --enable-new-dtags -Xlinker -rpath -Xlinker /opt/intel/compilers_and_libraries_2016.0.109/linux/mpi/intel64/lib/release_mt -Xlinker -rpath -Xlinker /opt/intel/compilers_and_libraries_2016.0.109/linux/mpi/intel64/lib -Xlinker -rpath -Xlinker /opt/intel/mpi-rt/5.1/intel64/lib/release_mt -Xlinker -rpath -Xlinker /opt/intel/mpi-rt/5.1/intel64/lib -lmpicxx -lmpifort -lmpi -lmpigi -ldl -lrt -lpthread" -mGLOB_cxx_limited_range=FALSE -mCG_extend_parms=FALSE -mGLOB_compiler_bin_directory=/opt/intel/compilers_and_libraries_2016.0.109/linux/bin/intel64 -mGLOB_as_output_backup_file_name=/tmp/icpcfsThn8as_.s -mGLOB_dashboard_use_source_name -mIPOPT_activate -mGLOB_product_id_code=0x22006d8e -mP3OPT_use_mspp_call_convention -mP2OPT_subs_out_of_bound=FALSE -mP2OPT_disam_type_based_disam=2 -mP2OPT_disam_assume_ansi_c -mP2OPT_checked_disam_ansi_alias=TRUE -mGLOB_ansi_alias -mPGOPTI_value_profile_use=T -mGLOB_opt_report_use_source_name -mP2OPT_il0_array_sections=TRUE -mGLOB_offload_mode=1 -mP2OPT_offload_unique_var_string=icpc0102125610781BBrVhT -mP2OPT_hlo -mP2OPT_hpo_rtt_control=0 -mIPOPT_args_in_regs=0 -mP2OPT_disam_assume_nonstd_intent_in=FALSE -mGLOB_imf_mapping_library=/opt/intel/compilers_and_libraries_2016.0.109/linux/bin/intel64/libiml_attr.so -mPGOPTI_gen_threadsafe_level=0 -mIPOPT_link -mIPOPT_ipo_activate -mIPOPT_mo_activate -mIPOPT_source_files_list=/tmp/icpcslisidDgVw -mIPOPT_mo_global_data -mIPOPT_link_script_file=/tmp/icpcscriptrWdyJo "-mIPOPT_cmdline_link="/lib/../lib64/crt1.o" "/lib/../lib64/crti.o" "/usr/local/stow/gcc-5.2/lib/gcc/x86_64-unknown-linux-gnu/5.2.0/crtbegin.o" "-export-dynamic" "--eh-frame-hdr" "--build-id" "-dynamic-linker" "/lib64/ld-linux-x86-64.so.2" "-m" "elf_x86_64" "-L/opt/intel/compilers_and_libraries_2016.0.109/linux/mpi/intel64/lib/release_mt" "-L/opt/intel/compilers_and_libraries_2016.0.109/linux/mpi/intel64/lib" "-o" "cmTC_7c6bf" "-L/opt/intel/compilers_and_libraries_2016.0.109/linux/compiler/lib/intel64" "-L/opt/intel/compilers_and_libraries_2016.0.109/linux/mkl/lib/intel64" "-L/opt/intel/compilers_and_libraries_2016.0.109/linux/tbb/lib/intel64/gcc4.1" "-L/opt/intel/compilers_and_libraries_2016.0.109/linux/compiler/lib/intel64_lin" "-L/usr/local/stow/gcc-5.2/lib/gcc/x86_64-unknown-linux-gnu/5.2.0/" "-L/usr/local/stow/gcc-5.2/lib/gcc/x86_64-unknown-linux-gnu/5.2.0/../../../../lib64" "-L/usr/local/stow/gcc-5.2/lib/gcc/x86_64-unknown-linux-gnu/5.2.0/../../../../lib64/" "-L/lib/../lib64" "-L/lib/../lib64/" "-L/usr/lib/../lib64" "-L/usr/lib/../lib64/" "-L/opt/intel/compilers_and_libraries_2016.0.109/linux/compiler/lib/intel64/" "-L/opt/intel/compilers_and_libraries_2016.0.109/linux/mkl/lib/intel64/" "-L/opt/intel/compilers_and_libraries_2016.0.109/linux/tbb/lib/intel64/gcc4.1/" "-L/usr/local/stow/gcc-5.2/lib/gcc/x86_64-unknown-linux-gnu/5.2.0/../../../" "-L/lib64" "-L/lib/" "-L/usr/lib64" "-L/usr/lib" "CMakeFiles/cmTC_7c6bf.dir/CMakeCXXCompilerABI.cpp.o" "--enable-new-dtags" "-rpath" "/opt/intel/compilers_and_libraries_2016.0.109/linux/mpi/intel64/lib/release_mt" "-rpath" "/opt/intel/compilers_and_libraries_2016.0.109/linux/mpi/intel64/lib" "-rpath" "/opt/intel/mpi-rt/5.1/intel64/lib/release_mt" "-rpath" "/opt/intel/mpi-rt/5.1/intel64/lib" "-lmpicxx" "-lmpifort" "-lmpi" "-lmpigi" "-ldl" "-lrt" "-lpthread" "-Bdynamic" "-Bstatic" "-limf" "-lsvml" "-lirng" "-Bdynamic" "-lm" "-Bstatic" "-lipgo" "-ldecimal" "--as-needed" "-Bdynamic" "-lcilkrts" "--no-as-needed" "-lstdc++" "-lgcc" "-lgcc_s" "-Bstatic" "-lirc" "-lsvml" "-Bdynamic" "-lc" "-lgcc" "-lgcc_s" "-Bstatic" "-lirc_s" "-Bdynamic" "-ldl" "-lc" "/usr/local/stow/gcc-5.2/lib/gcc/x86_64-unknown-linux-gnu/5.2.0/crtend.o" "/lib/../lib64/crtn.o"" -mIPOPT_il_in_obj -mIPOPT_ipo_activate_warn=FALSE -mIPOPT_obj_output_file_name=/tmp/ipo_icpc9uCM3j.o -mIPOPT_whole_archive_fixup_file_name=/tmp/icpcwarchrAxV9O -mGLOB_linker_version=2.23.52.0.1 -mGLOB_long_size_64 -mGLOB_routine_pointer_size_64 -mGLOB_driver_tempfile_name=/tmp/icpctempfileK09o5G -mP3OPT_asm_target=P3OPT_ASM_TARGET_GAS -mGLOB_async_unwind_tables=TRUE -mGLOB_obj_output_file=/tmp/ipo_icpc9uCM3j.o -mGLOB_source_dialect=GLOB_SOURCE_DIALECT_NONE -mP1OPT_source_file_name=ipo_out.c CMakeFiles/cmTC_7c6bf.dir/CMakeCXXCompilerABI.cpp.o -mIPOPT_object_files=T -mIPOPT_assembly_files=/tmp/icpcalisW6EeG3 -mIPOPT_generated_tempfiles=/tmp/icpcelis5MHtuV -mIPOPT_embedded_object_base_name=/tmp/icpceobj9LvJiN -mIPOPT_cmdline_link_new_name=/tmp/icpcllisyWOZ6E]
  link line: [ld    /lib/../lib64/crt1.o /lib/../lib64/crti.o /usr/local/stow/gcc-5.2/lib/gcc/x86_64-unknown-linux-gnu/5.2.0/crtbegin.o -export-dynamic --eh-frame-hdr --build-id -dynamic-linker /lib64/ld-linux-x86-64.so.2 -m elf_x86_64 -L/opt/intel/compilers_and_libraries_2016.0.109/linux/mpi/intel64/lib/release_mt -L/opt/intel/compilers_and_libraries_2016.0.109/linux/mpi/intel64/lib -o cmTC_7c6bf -L/opt/intel/compilers_and_libraries_2016.0.109/linux/compiler/lib/intel64 -L/opt/intel/compilers_and_libraries_2016.0.109/linux/mkl/lib/intel64 -L/opt/intel/compilers_and_libraries_2016.0.109/linux/tbb/lib/intel64/gcc4.1 -L/opt/intel/compilers_and_libraries_2016.0.109/linux/compiler/lib/intel64_lin -L/usr/local/stow/gcc-5.2/lib/gcc/x86_64-unknown-linux-gnu/5.2.0/ -L/usr/local/stow/gcc-5.2/lib/gcc/x86_64-unknown-linux-gnu/5.2.0/../../../../lib64 -L/usr/local/stow/gcc-5.2/lib/gcc/x86_64-unknown-linux-gnu/5.2.0/../../../../lib64/ -L/lib/../lib64 -L/lib/../lib64/ -L/usr/lib/../lib64 -L/usr/lib/../lib64/ -L/opt/intel/compilers_and_libraries_2016.0.109/linux/compiler/lib/intel64/ -L/opt/intel/compilers_and_libraries_2016.0.109/linux/mkl/lib/intel64/ -L/opt/intel/compilers_and_libraries_2016.0.109/linux/tbb/lib/intel64/gcc4.1/ -L/usr/local/stow/gcc-5.2/lib/gcc/x86_64-unknown-linux-gnu/5.2.0/../../../ -L/lib64 -L/lib/ -L/usr/lib64 -L/usr/lib CMakeFiles/cmTC_7c6bf.dir/CMakeCXXCompilerABI.cpp.o --enable-new-dtags -rpath /opt/intel/compilers_and_libraries_2016.0.109/linux/mpi/intel64/lib/release_mt -rpath /opt/intel/compilers_and_libraries_2016.0.109/linux/mpi/intel64/lib -rpath /opt/intel/mpi-rt/5.1/intel64/lib/release_mt -rpath /opt/intel/mpi-rt/5.1/intel64/lib -lmpicxx -lmpifort -lmpi -lmpigi -ldl -lrt -lpthread -Bdynamic -Bstatic -limf -lsvml -lirng -Bdynamic -lm -Bstatic -lipgo -ldecimal --as-needed -Bdynamic -lcilkrts --no-as-needed -lstdc++ -lgcc -lgcc_s -Bstatic -lirc -lsvml -Bdynamic -lc -lgcc -lgcc_s -Bstatic -lirc_s -Bdynamic -ldl -lc /usr/local/stow/gcc-5.2/lib/gcc/x86_64-unknown-linux-gnu/5.2.0/crtend.o /lib/../lib64/crtn.o]
    arg [ld] ==> ignore
    arg [/lib/../lib64/crt1.o] ==> ignore
    arg [/lib/../lib64/crti.o] ==> ignore
    arg [/usr/local/stow/gcc-5.2/lib/gcc/x86_64-unknown-linux-gnu/5.2.0/crtbegin.o] ==> ignore
    arg [-export-dynamic] ==> ignore
    arg [--eh-frame-hdr] ==> ignore
    arg [--build-id] ==> ignore
    arg [-dynamic-linker] ==> ignore
    arg [/lib64/ld-linux-x86-64.so.2] ==> ignore
    arg [-m] ==> ignore
    arg [elf_x86_64] ==> ignore
    arg [-L/opt/intel/compilers_and_libraries_2016.0.109/linux/mpi/intel64/lib/release_mt] ==> dir [/opt/intel/compilers_and_libraries_2016.0.109/linux/mpi/intel64/lib/release_mt]
    arg [-L/opt/intel/compilers_and_libraries_2016.0.109/linux/mpi/intel64/lib] ==> dir [/opt/intel/compilers_and_libraries_2016.0.109/linux/mpi/intel64/lib]
    arg [-o] ==> ignore
    arg [cmTC_7c6bf] ==> ignore
    arg [-L/opt/intel/compilers_and_libraries_2016.0.109/linux/compiler/lib/intel64] ==> dir [/opt/intel/compilers_and_libraries_2016.0.109/linux/compiler/lib/intel64]
    arg [-L/opt/intel/compilers_and_libraries_2016.0.109/linux/mkl/lib/intel64] ==> dir [/opt/intel/compilers_and_libraries_2016.0.109/linux/mkl/lib/intel64]
    arg [-L/opt/intel/compilers_and_libraries_2016.0.109/linux/tbb/lib/intel64/gcc4.1] ==> dir [/opt/intel/compilers_and_libraries_2016.0.109/linux/tbb/lib/intel64/gcc4.1]
    arg [-L/opt/intel/compilers_and_libraries_2016.0.109/linux/compiler/lib/intel64_lin] ==> dir [/opt/intel/compilers_and_libraries_2016.0.109/linux/compiler/lib/intel64_lin]
    arg [-L/usr/local/stow/gcc-5.2/lib/gcc/x86_64-unknown-linux-gnu/5.2.0/] ==> dir [/usr/local/stow/gcc-5.2/lib/gcc/x86_64-unknown-linux-gnu/5.2.0/]
    arg [-L/usr/local/stow/gcc-5.2/lib/gcc/x86_64-unknown-linux-gnu/5.2.0/../../../../lib64] ==> dir [/usr/local/stow/gcc-5.2/lib/gcc/x86_64-unknown-linux-gnu/5.2.0/../../../../lib64]
    arg [-L/usr/local/stow/gcc-5.2/lib/gcc/x86_64-unknown-linux-gnu/5.2.0/../../../../lib64/] ==> dir [/usr/local/stow/gcc-5.2/lib/gcc/x86_64-unknown-linux-gnu/5.2.0/../../../../lib64/]
    arg [-L/lib/../lib64] ==> dir [/lib/../lib64]
    arg [-L/lib/../lib64/] ==> dir [/lib/../lib64/]
    arg [-L/usr/lib/../lib64] ==> dir [/usr/lib/../lib64]
    arg [-L/usr/lib/../lib64/] ==> dir [/usr/lib/../lib64/]
    arg [-L/opt/intel/compilers_and_libraries_2016.0.109/linux/compiler/lib/intel64/] ==> dir [/opt/intel/compilers_and_libraries_2016.0.109/linux/compiler/lib/intel64/]
    arg [-L/opt/intel/compilers_and_libraries_2016.0.109/linux/mkl/lib/intel64/] ==> dir [/opt/intel/compilers_and_libraries_2016.0.109/linux/mkl/lib/intel64/]
    arg [-L/opt/intel/compilers_and_libraries_2016.0.109/linux/tbb/lib/intel64/gcc4.1/] ==> dir [/opt/intel/compilers_and_libraries_2016.0.109/linux/tbb/lib/intel64/gcc4.1/]
    arg [-L/usr/local/stow/gcc-5.2/lib/gcc/x86_64-unknown-linux-gnu/5.2.0/../../../] ==> dir [/usr/local/stow/gcc-5.2/lib/gcc/x86_64-unknown-linux-gnu/5.2.0/../../../]
    arg [-L/lib64] ==> dir [/lib64]
    arg [-L/lib/] ==> dir [/lib/]
    arg [-L/usr/lib64] ==> dir [/usr/lib64]
    arg [-L/usr/lib] ==> dir [/usr/lib]
    arg [CMakeFiles/cmTC_7c6bf.dir/CMakeCXXCompilerABI.cpp.o] ==> ignore
    arg [--enable-new-dtags] ==> ignore
    arg [-rpath] ==> ignore
    arg [/opt/intel/compilers_and_libraries_2016.0.109/linux/mpi/intel64/lib/release_mt] ==> ignore
    arg [-rpath] ==> ignore
    arg [/opt/intel/compilers_and_libraries_2016.0.109/linux/mpi/intel64/lib] ==> ignore
    arg [-rpath] ==> ignore
    arg [/opt/intel/mpi-rt/5.1/intel64/lib/release_mt] ==> ignore
    arg [-rpath] ==> ignore
    arg [/opt/intel/mpi-rt/5.1/intel64/lib] ==> ignore
    arg [-lmpicxx] ==> lib [mpicxx]
    arg [-lmpifort] ==> lib [mpifort]
    arg [-lmpi] ==> lib [mpi]
    arg [-lmpigi] ==> lib [mpigi]
    arg [-ldl] ==> lib [dl]
    arg [-lrt] ==> lib [rt]
    arg [-lpthread] ==> lib [pthread]
    arg [-Bdynamic] ==> ignore
    arg [-Bstatic] ==> ignore
    arg [-limf] ==> lib [imf]
    arg [-lsvml] ==> lib [svml]
    arg [-lirng] ==> lib [irng]
    arg [-Bdynamic] ==> ignore
    arg [-lm] ==> lib [m]
    arg [-Bstatic] ==> ignore
    arg [-lipgo] ==> lib [ipgo]
    arg [-ldecimal] ==> lib [decimal]
    arg [--as-needed] ==> ignore
    arg [-Bdynamic] ==> ignore
    arg [-lcilkrts] ==> lib [cilkrts]
    arg [--no-as-needed] ==> ignore
    arg [-lstdc++] ==> lib [stdc++]
    arg [-lgcc] ==> lib [gcc]
    arg [-lgcc_s] ==> lib [gcc_s]
    arg [-Bstatic] ==> ignore
    arg [-lirc] ==> lib [irc]
    arg [-lsvml] ==> lib [svml]
    arg [-Bdynamic] ==> ignore
    arg [-lc] ==> lib [c]
    arg [-lgcc] ==> lib [gcc]
    arg [-lgcc_s] ==> lib [gcc_s]
    arg [-Bstatic] ==> ignore
    arg [-lirc_s] ==> lib [irc_s]
    arg [-Bdynamic] ==> ignore
    arg [-ldl] ==> lib [dl]
    arg [-lc] ==> lib [c]
    arg [/usr/local/stow/gcc-5.2/lib/gcc/x86_64-unknown-linux-gnu/5.2.0/crtend.o] ==> ignore
    arg [/lib/../lib64/crtn.o] ==> ignore
  remove lib [gcc]
  remove lib [gcc_s]
  remove lib [gcc]
  remove lib [gcc_s]
  collapse library dir [/opt/intel/compilers_and_libraries_2016.0.109/linux/mpi/intel64/lib/release_mt] ==> [/opt/intel/compilers_and_libraries_2016.0.109/linux/mpi/intel64/lib/release_mt]
  collapse library dir [/opt/intel/compilers_and_libraries_2016.0.109/linux/mpi/intel64/lib] ==> [/opt/intel/compilers_and_libraries_2016.0.109/linux/mpi/intel64/lib]
  collapse library dir [/opt/intel/compilers_and_libraries_2016.0.109/linux/compiler/lib/intel64] ==> [/opt/intel/compilers_and_libraries_2016.0.109/linux/compiler/lib/intel64]
  collapse library dir [/opt/intel/compilers_and_libraries_2016.0.109/linux/mkl/lib/intel64] ==> [/opt/intel/compilers_and_libraries_2016.0.109/linux/mkl/lib/intel64]
  collapse library dir [/opt/intel/compilers_and_libraries_2016.0.109/linux/tbb/lib/intel64/gcc4.1] ==> [/opt/intel/compilers_and_libraries_2016.0.109/linux/tbb/lib/intel64/gcc4.1]
  collapse library dir [/opt/intel/compilers_and_libraries_2016.0.109/linux/compiler/lib/intel64_lin] ==> [/opt/intel/compilers_and_libraries_2016.0.109/linux/compiler/lib/intel64_lin]
  collapse library dir [/usr/local/stow/gcc-5.2/lib/gcc/x86_64-unknown-linux-gnu/5.2.0/] ==> [/usr/local/stow/gcc-5.2/lib/gcc/x86_64-unknown-linux-gnu/5.2.0]
  collapse library dir [/usr/local/stow/gcc-5.2/lib/gcc/x86_64-unknown-linux-gnu/5.2.0/../../../../lib64] ==> [/usr/local/stow/gcc-5.2/lib64]
  collapse library dir [/usr/local/stow/gcc-5.2/lib/gcc/x86_64-unknown-linux-gnu/5.2.0/../../../../lib64/] ==> [/usr/local/stow/gcc-5.2/lib64]
  collapse library dir [/lib/../lib64] ==> [/lib64]
  collapse library dir [/lib/../lib64/] ==> [/lib64]
  collapse library dir [/usr/lib/../lib64] ==> [/usr/lib64]
  collapse library dir [/usr/lib/../lib64/] ==> [/usr/lib64]
  collapse library dir [/opt/intel/compilers_and_libraries_2016.0.109/linux/compiler/lib/intel64/] ==> [/opt/intel/compilers_and_libraries_2016.0.109/linux/compiler/lib/intel64]
  collapse library dir [/opt/intel/compilers_and_libraries_2016.0.109/linux/mkl/lib/intel64/] ==> [/opt/intel/compilers_and_libraries_2016.0.109/linux/mkl/lib/intel64]
  collapse library dir [/opt/intel/compilers_and_libraries_2016.0.109/linux/tbb/lib/intel64/gcc4.1/] ==> [/opt/intel/compilers_and_libraries_2016.0.109/linux/tbb/lib/intel64/gcc4.1]
  collapse library dir [/usr/local/stow/gcc-5.2/lib/gcc/x86_64-unknown-linux-gnu/5.2.0/../../../] ==> [/usr/local/stow/gcc-5.2/lib]
  collapse library dir [/lib64] ==> [/lib64]
  collapse library dir [/lib/] ==> [/lib]
  collapse library dir [/usr/lib64] ==> [/usr/lib64]
  collapse library dir [/usr/lib] ==> [/usr/lib]
  implicit libs: [mpicxx;mpifort;mpi;mpigi;dl;rt;pthread;imf;svml;irng;m;ipgo;decimal;cilkrts;stdc++;irc;svml;c;irc_s;dl;c]
  implicit dirs: [/opt/intel/compilers_and_libraries_2016.0.109/linux/mpi/intel64/lib/release_mt;/opt/intel/compilers_and_libraries_2016.0.109/linux/mpi/intel64/lib;/opt/intel/compilers_and_libraries_2016.0.109/linux/compiler/lib/intel64;/opt/intel/compilers_and_libraries_2016.0.109/linux/mkl/lib/intel64;/opt/intel/compilers_and_libraries_2016.0.109/linux/tbb/lib/intel64/gcc4.1;/opt/intel/compilers_and_libraries_2016.0.109/linux/compiler/lib/intel64_lin;/usr/local/stow/gcc-5.2/lib/gcc/x86_64-unknown-linux-gnu/5.2.0;/usr/local/stow/gcc-5.2/lib64;/lib64;/usr/lib64;/usr/local/stow/gcc-5.2/lib;/lib;/usr/lib]
  implicit fwks: []


