The system is: Linux - 3.10.0-229.14.1.el7.x86_64 - x86_64
Compiling the C compiler identification source file "CMakeCCompilerId.c" succeeded.
Compiler: /opt/intel/compilers_and_libraries_2016.0.109/linux/bin/intel64/icc 
Build flags: 
Id flags: 

The output was:
0


Compilation of the C compiler identification source "CMakeCCompilerId.c" produced "a.out"

The C compiler identification is Intel, found in "/home/ruman/u1/build/CMakeFiles/3.3.1/CompilerIdC/a.out"

Compiling the CXX compiler identification source file "CMakeCXXCompilerId.cpp" succeeded.
Compiler: /opt/intel/compilers_and_libraries_2016.0.109/linux/bin/intel64/icpc 
Build flags: 
Id flags: 

The output was:
0


Compilation of the CXX compiler identification source "CMakeCXXCompilerId.cpp" produced "a.out"

The CXX compiler identification is Intel, found in "/home/ruman/u1/build/CMakeFiles/3.3.1/CompilerIdCXX/a.out"

Determining if the C compiler works passed with the following output:
Change Dir: /home/ruman/u1/build/CMakeFiles/CMakeTmp

Run Build Command:"/usr/bin/gmake" "cmTC_c5a24/fast"
/usr/bin/gmake -f CMakeFiles/cmTC_c5a24.dir/build.make CMakeFiles/cmTC_c5a24.dir/build
gmake[1]: Entering directory `/home/ruman/u1/build/CMakeFiles/CMakeTmp'
Building C object CMakeFiles/cmTC_c5a24.dir/testCCompiler.c.o
/opt/intel/compilers_and_libraries_2016.0.109/linux/bin/intel64/icc    -o CMakeFiles/cmTC_c5a24.dir/testCCompiler.c.o   -c /home/ruman/u1/build/CMakeFiles/CMakeTmp/testCCompiler.c
Linking C executable cmTC_c5a24
/usr/local/stow/cmake-3.3.1/bin/cmake -E cmake_link_script CMakeFiles/cmTC_c5a24.dir/link.txt --verbose=1
/opt/intel/compilers_and_libraries_2016.0.109/linux/bin/intel64/icc       CMakeFiles/cmTC_c5a24.dir/testCCompiler.c.o  -o cmTC_c5a24 -rdynamic 
gmake[1]: Leaving directory `/home/ruman/u1/build/CMakeFiles/CMakeTmp'


Detecting C compiler ABI info compiled with the following output:
Change Dir: /home/ruman/u1/build/CMakeFiles/CMakeTmp

Run Build Command:"/usr/bin/gmake" "cmTC_0d198/fast"
/usr/bin/gmake -f CMakeFiles/cmTC_0d198.dir/build.make CMakeFiles/cmTC_0d198.dir/build
gmake[1]: Entering directory `/home/ruman/u1/build/CMakeFiles/CMakeTmp'
Building C object CMakeFiles/cmTC_0d198.dir/CMakeCCompilerABI.c.o
/opt/intel/compilers_and_libraries_2016.0.109/linux/bin/intel64/icc    -o CMakeFiles/cmTC_0d198.dir/CMakeCCompilerABI.c.o   -c /usr/local/stow/cmake-3.3.1/share/cmake-3.3/Modules/CMakeCCompilerABI.c
Linking C executable cmTC_0d198
/usr/local/stow/cmake-3.3.1/bin/cmake -E cmake_link_script CMakeFiles/cmTC_0d198.dir/link.txt --verbose=1
/opt/intel/compilers_and_libraries_2016.0.109/linux/bin/intel64/icc      -v CMakeFiles/cmTC_0d198.dir/CMakeCCompilerABI.c.o  -o cmTC_0d198 -rdynamic  
icc version 16.0.0 (gcc version 4.8.3 compatibility)
/opt/intel/compilers_and_libraries_2016.0.109/linux/bin/intel64/mcpcom    -mGLOB_em64t=TRUE -mP1OPT_version=16.0-intel64 -mGLOB_diag_file=CMakeFiles/cmTC_0d198.dir/CMakeCCompilerABI.c.diag -mP1OPT_print_version=FALSE -mCG_use_gas_got_workaround=F -mP2OPT_align_option_used=TRUE -mGLOB_gcc_version=483 "-mGLOB_options_string=-v -o cmTC_0d198 -rdynamic" -mGLOB_cxx_limited_range=FALSE -mCG_extend_parms=FALSE -mGLOB_compiler_bin_directory=/opt/intel/compilers_and_libraries_2016.0.109/linux/bin/intel64 -mGLOB_as_output_backup_file_name=/tmp/icceOVZZnas_.s -mGLOB_dashboard_use_source_name -mIPOPT_activate -mGLOB_product_id_code=0x22006d91 -mP3OPT_use_mspp_call_convention -mP2OPT_subs_out_of_bound=FALSE -mP2OPT_disam_type_based_disam=2 -mP2OPT_disam_assume_ansi_c -mP2OPT_checked_disam_ansi_alias=TRUE -mGLOB_ansi_alias -mPGOPTI_value_profile_use=T -mGLOB_opt_report_use_source_name -mP2OPT_il0_array_sections=TRUE -mGLOB_offload_mode=1 -mP2OPT_offload_unique_var_string=icc01019896927042vINP4 -mP2OPT_hlo -mP2OPT_hpo_rtt_control=0 -mIPOPT_args_in_regs=0 -mP2OPT_disam_assume_nonstd_intent_in=FALSE -mGLOB_imf_mapping_library=/opt/intel/compilers_and_libraries_2016.0.109/linux/bin/intel64/libiml_attr.so -mPGOPTI_gen_threadsafe_level=0 -mIPOPT_link -mIPOPT_ipo_activate -mIPOPT_mo_activate -mIPOPT_source_files_list=/tmp/iccslisXuNszv -mIPOPT_mo_global_data -mIPOPT_link_script_file=/tmp/iccscriptkPu0HN "-mIPOPT_cmdline_link="/usr/lib/gcc/x86_64-redhat-linux/4.8.3/../../../../lib64/crt1.o" "/usr/lib/gcc/x86_64-redhat-linux/4.8.3/../../../../lib64/crti.o" "/usr/lib/gcc/x86_64-redhat-linux/4.8.3/crtbegin.o" "-export-dynamic" "--eh-frame-hdr" "--build-id" "-dynamic-linker" "/lib64/ld-linux-x86-64.so.2" "-m" "elf_x86_64" "-o" "cmTC_0d198" "-L/opt/intel/compilers_and_libraries_2016.0.109/linux/compiler/lib/intel64" "-L/opt/intel/compilers_and_libraries_2016.0.109/linux/mkl/lib/intel64" "-L/opt/intel/compilers_and_libraries_2016.0.109/linux/tbb/lib/intel64/gcc4.4" "-L/opt/intel/compilers_and_libraries_2016.0.109/linux/compiler/lib/intel64_lin" "-L/usr/lib/gcc/x86_64-redhat-linux/4.8.3/" "-L/usr/lib/gcc/x86_64-redhat-linux/4.8.3/../../../../lib64" "-L/usr/lib/gcc/x86_64-redhat-linux/4.8.3/../../../../lib64/" "-L/lib/../lib64" "-L/lib/../lib64/" "-L/usr/lib/../lib64" "-L/usr/lib/../lib64/" "-L/opt/intel/compilers_and_libraries_2016.0.109/linux/compiler/lib/intel64/" "-L/opt/intel/compilers_and_libraries_2016.0.109/linux/mkl/lib/intel64/" "-L/opt/intel/compilers_and_libraries_2016.0.109/linux/tbb/lib/intel64/gcc4.4/" "-L/usr/lib/gcc/x86_64-redhat-linux/4.8.3/../../../" "-L/lib64" "-L/lib/" "-L/usr/lib64" "-L/usr/lib" "CMakeFiles/cmTC_0d198.dir/CMakeCCompilerABI.c.o" "-Bdynamic" "-Bstatic" "-limf" "-lsvml" "-lirng" "-Bdynamic" "-lm" "-Bstatic" "-lipgo" "-ldecimal" "--as-needed" "-Bdynamic" "-lcilkrts" "-lstdc++" "--no-as-needed" "-lgcc" "-lgcc_s" "-Bstatic" "-lirc" "-lsvml" "-Bdynamic" "-lc" "-lgcc" "-lgcc_s" "-Bstatic" "-lirc_s" "-Bdynamic" "-ldl" "-lc" "/usr/lib/gcc/x86_64-redhat-linux/4.8.3/crtend.o" "/usr/lib/gcc/x86_64-redhat-linux/4.8.3/../../../../lib64/crtn.o"" -mIPOPT_il_in_obj -mIPOPT_ipo_activate_warn=FALSE -mIPOPT_obj_output_file_name=/tmp/ipo_iccxSZsKK.o -mIPOPT_whole_archive_fixup_file_name=/tmp/iccwarchU9KEUj -mGLOB_linker_version=2.23.52.0.1 -mGLOB_long_size_64 -mGLOB_routine_pointer_size_64 -mGLOB_driver_tempfile_name=/tmp/icctempfile8dFY8B -mP3OPT_asm_target=P3OPT_ASM_TARGET_GAS -mGLOB_async_unwind_tables=TRUE -mGLOB_obj_output_file=/tmp/ipo_iccxSZsKK.o -mGLOB_source_dialect=GLOB_SOURCE_DIALECT_NONE -mP1OPT_source_file_name=ipo_out.c CMakeFiles/cmTC_0d198.dir/CMakeCCompilerABI.c.o -mIPOPT_object_files=T -mIPOPT_assembly_files=/tmp/iccalis9yFp1k -mIPOPT_generated_tempfiles=/tmp/icceliswacU9C -mIPOPT_embedded_object_base_name=/tmp/icceobjP4CpiV -mIPOPT_cmdline_link_new_name=/tmp/iccllisSFUVqd
ld    /usr/lib/gcc/x86_64-redhat-linux/4.8.3/../../../../lib64/crt1.o /usr/lib/gcc/x86_64-redhat-linux/4.8.3/../../../../lib64/crti.o /usr/lib/gcc/x86_64-redhat-linux/4.8.3/crtbegin.o -export-dynamic --eh-frame-hdr --build-id -dynamic-linker /lib64/ld-linux-x86-64.so.2 -m elf_x86_64 -o cmTC_0d198 -L/opt/intel/compilers_and_libraries_2016.0.109/linux/compiler/lib/intel64 -L/opt/intel/compilers_and_libraries_2016.0.109/linux/mkl/lib/intel64 -L/opt/intel/compilers_and_libraries_2016.0.109/linux/tbb/lib/intel64/gcc4.4 -L/opt/intel/compilers_and_libraries_2016.0.109/linux/compiler/lib/intel64_lin -L/usr/lib/gcc/x86_64-redhat-linux/4.8.3/ -L/usr/lib/gcc/x86_64-redhat-linux/4.8.3/../../../../lib64 -L/usr/lib/gcc/x86_64-redhat-linux/4.8.3/../../../../lib64/ -L/lib/../lib64 -L/lib/../lib64/ -L/usr/lib/../lib64 -L/usr/lib/../lib64/ -L/opt/intel/compilers_and_libraries_2016.0.109/linux/compiler/lib/intel64/ -L/opt/intel/compilers_and_libraries_2016.0.109/linux/mkl/lib/intel64/ -L/opt/intel/compilers_and_libraries_2016.0.109/linux/tbb/lib/intel64/gcc4.4/ -L/usr/lib/gcc/x86_64-redhat-linux/4.8.3/../../../ -L/lib64 -L/lib/ -L/usr/lib64 -L/usr/lib CMakeFiles/cmTC_0d198.dir/CMakeCCompilerABI.c.o -Bdynamic -Bstatic -limf -lsvml -lirng -Bdynamic -lm -Bstatic -lipgo -ldecimal --as-needed -Bdynamic -lcilkrts -lstdc++ --no-as-needed -lgcc -lgcc_s -Bstatic -lirc -lsvml -Bdynamic -lc -lgcc -lgcc_s -Bstatic -lirc_s -Bdynamic -ldl -lc /usr/lib/gcc/x86_64-redhat-linux/4.8.3/crtend.o /usr/lib/gcc/x86_64-redhat-linux/4.8.3/../../../../lib64/crtn.o
gmake[1]: Leaving directory `/home/ruman/u1/build/CMakeFiles/CMakeTmp'


Parsed C implicit link information from above output:
  link line regex: [^( *|.*[/\])(ld|([^/\]+-)?ld|collect2)[^/\]*( |$)]
  ignore line: [Change Dir: /home/ruman/u1/build/CMakeFiles/CMakeTmp]
  ignore line: []
  ignore line: [Run Build Command:"/usr/bin/gmake" "cmTC_0d198/fast"]
  ignore line: [/usr/bin/gmake -f CMakeFiles/cmTC_0d198.dir/build.make CMakeFiles/cmTC_0d198.dir/build]
  ignore line: [gmake[1]: Entering directory `/home/ruman/u1/build/CMakeFiles/CMakeTmp']
  ignore line: [Building C object CMakeFiles/cmTC_0d198.dir/CMakeCCompilerABI.c.o]
  ignore line: [/opt/intel/compilers_and_libraries_2016.0.109/linux/bin/intel64/icc    -o CMakeFiles/cmTC_0d198.dir/CMakeCCompilerABI.c.o   -c /usr/local/stow/cmake-3.3.1/share/cmake-3.3/Modules/CMakeCCompilerABI.c]
  ignore line: [Linking C executable cmTC_0d198]
  ignore line: [/usr/local/stow/cmake-3.3.1/bin/cmake -E cmake_link_script CMakeFiles/cmTC_0d198.dir/link.txt --verbose=1]
  ignore line: [/opt/intel/compilers_and_libraries_2016.0.109/linux/bin/intel64/icc      -v CMakeFiles/cmTC_0d198.dir/CMakeCCompilerABI.c.o  -o cmTC_0d198 -rdynamic  ]
  ignore line: [icc version 16.0.0 (gcc version 4.8.3 compatibility)]
  ignore line: [/opt/intel/compilers_and_libraries_2016.0.109/linux/bin/intel64/mcpcom    -mGLOB_em64t=TRUE -mP1OPT_version=16.0-intel64 -mGLOB_diag_file=CMakeFiles/cmTC_0d198.dir/CMakeCCompilerABI.c.diag -mP1OPT_print_version=FALSE -mCG_use_gas_got_workaround=F -mP2OPT_align_option_used=TRUE -mGLOB_gcc_version=483 "-mGLOB_options_string=-v -o cmTC_0d198 -rdynamic" -mGLOB_cxx_limited_range=FALSE -mCG_extend_parms=FALSE -mGLOB_compiler_bin_directory=/opt/intel/compilers_and_libraries_2016.0.109/linux/bin/intel64 -mGLOB_as_output_backup_file_name=/tmp/icceOVZZnas_.s -mGLOB_dashboard_use_source_name -mIPOPT_activate -mGLOB_product_id_code=0x22006d91 -mP3OPT_use_mspp_call_convention -mP2OPT_subs_out_of_bound=FALSE -mP2OPT_disam_type_based_disam=2 -mP2OPT_disam_assume_ansi_c -mP2OPT_checked_disam_ansi_alias=TRUE -mGLOB_ansi_alias -mPGOPTI_value_profile_use=T -mGLOB_opt_report_use_source_name -mP2OPT_il0_array_sections=TRUE -mGLOB_offload_mode=1 -mP2OPT_offload_unique_var_string=icc01019896927042vINP4 -mP2OPT_hlo -mP2OPT_hpo_rtt_control=0 -mIPOPT_args_in_regs=0 -mP2OPT_disam_assume_nonstd_intent_in=FALSE -mGLOB_imf_mapping_library=/opt/intel/compilers_and_libraries_2016.0.109/linux/bin/intel64/libiml_attr.so -mPGOPTI_gen_threadsafe_level=0 -mIPOPT_link -mIPOPT_ipo_activate -mIPOPT_mo_activate -mIPOPT_source_files_list=/tmp/iccslisXuNszv -mIPOPT_mo_global_data -mIPOPT_link_script_file=/tmp/iccscriptkPu0HN "-mIPOPT_cmdline_link="/usr/lib/gcc/x86_64-redhat-linux/4.8.3/../../../../lib64/crt1.o" "/usr/lib/gcc/x86_64-redhat-linux/4.8.3/../../../../lib64/crti.o" "/usr/lib/gcc/x86_64-redhat-linux/4.8.3/crtbegin.o" "-export-dynamic" "--eh-frame-hdr" "--build-id" "-dynamic-linker" "/lib64/ld-linux-x86-64.so.2" "-m" "elf_x86_64" "-o" "cmTC_0d198" "-L/opt/intel/compilers_and_libraries_2016.0.109/linux/compiler/lib/intel64" "-L/opt/intel/compilers_and_libraries_2016.0.109/linux/mkl/lib/intel64" "-L/opt/intel/compilers_and_libraries_2016.0.109/linux/tbb/lib/intel64/gcc4.4" "-L/opt/intel/compilers_and_libraries_2016.0.109/linux/compiler/lib/intel64_lin" "-L/usr/lib/gcc/x86_64-redhat-linux/4.8.3/" "-L/usr/lib/gcc/x86_64-redhat-linux/4.8.3/../../../../lib64" "-L/usr/lib/gcc/x86_64-redhat-linux/4.8.3/../../../../lib64/" "-L/lib/../lib64" "-L/lib/../lib64/" "-L/usr/lib/../lib64" "-L/usr/lib/../lib64/" "-L/opt/intel/compilers_and_libraries_2016.0.109/linux/compiler/lib/intel64/" "-L/opt/intel/compilers_and_libraries_2016.0.109/linux/mkl/lib/intel64/" "-L/opt/intel/compilers_and_libraries_2016.0.109/linux/tbb/lib/intel64/gcc4.4/" "-L/usr/lib/gcc/x86_64-redhat-linux/4.8.3/../../../" "-L/lib64" "-L/lib/" "-L/usr/lib64" "-L/usr/lib" "CMakeFiles/cmTC_0d198.dir/CMakeCCompilerABI.c.o" "-Bdynamic" "-Bstatic" "-limf" "-lsvml" "-lirng" "-Bdynamic" "-lm" "-Bstatic" "-lipgo" "-ldecimal" "--as-needed" "-Bdynamic" "-lcilkrts" "-lstdc++" "--no-as-needed" "-lgcc" "-lgcc_s" "-Bstatic" "-lirc" "-lsvml" "-Bdynamic" "-lc" "-lgcc" "-lgcc_s" "-Bstatic" "-lirc_s" "-Bdynamic" "-ldl" "-lc" "/usr/lib/gcc/x86_64-redhat-linux/4.8.3/crtend.o" "/usr/lib/gcc/x86_64-redhat-linux/4.8.3/../../../../lib64/crtn.o"" -mIPOPT_il_in_obj -mIPOPT_ipo_activate_warn=FALSE -mIPOPT_obj_output_file_name=/tmp/ipo_iccxSZsKK.o -mIPOPT_whole_archive_fixup_file_name=/tmp/iccwarchU9KEUj -mGLOB_linker_version=2.23.52.0.1 -mGLOB_long_size_64 -mGLOB_routine_pointer_size_64 -mGLOB_driver_tempfile_name=/tmp/icctempfile8dFY8B -mP3OPT_asm_target=P3OPT_ASM_TARGET_GAS -mGLOB_async_unwind_tables=TRUE -mGLOB_obj_output_file=/tmp/ipo_iccxSZsKK.o -mGLOB_source_dialect=GLOB_SOURCE_DIALECT_NONE -mP1OPT_source_file_name=ipo_out.c CMakeFiles/cmTC_0d198.dir/CMakeCCompilerABI.c.o -mIPOPT_object_files=T -mIPOPT_assembly_files=/tmp/iccalis9yFp1k -mIPOPT_generated_tempfiles=/tmp/icceliswacU9C -mIPOPT_embedded_object_base_name=/tmp/icceobjP4CpiV -mIPOPT_cmdline_link_new_name=/tmp/iccllisSFUVqd]
  link line: [ld    /usr/lib/gcc/x86_64-redhat-linux/4.8.3/../../../../lib64/crt1.o /usr/lib/gcc/x86_64-redhat-linux/4.8.3/../../../../lib64/crti.o /usr/lib/gcc/x86_64-redhat-linux/4.8.3/crtbegin.o -export-dynamic --eh-frame-hdr --build-id -dynamic-linker /lib64/ld-linux-x86-64.so.2 -m elf_x86_64 -o cmTC_0d198 -L/opt/intel/compilers_and_libraries_2016.0.109/linux/compiler/lib/intel64 -L/opt/intel/compilers_and_libraries_2016.0.109/linux/mkl/lib/intel64 -L/opt/intel/compilers_and_libraries_2016.0.109/linux/tbb/lib/intel64/gcc4.4 -L/opt/intel/compilers_and_libraries_2016.0.109/linux/compiler/lib/intel64_lin -L/usr/lib/gcc/x86_64-redhat-linux/4.8.3/ -L/usr/lib/gcc/x86_64-redhat-linux/4.8.3/../../../../lib64 -L/usr/lib/gcc/x86_64-redhat-linux/4.8.3/../../../../lib64/ -L/lib/../lib64 -L/lib/../lib64/ -L/usr/lib/../lib64 -L/usr/lib/../lib64/ -L/opt/intel/compilers_and_libraries_2016.0.109/linux/compiler/lib/intel64/ -L/opt/intel/compilers_and_libraries_2016.0.109/linux/mkl/lib/intel64/ -L/opt/intel/compilers_and_libraries_2016.0.109/linux/tbb/lib/intel64/gcc4.4/ -L/usr/lib/gcc/x86_64-redhat-linux/4.8.3/../../../ -L/lib64 -L/lib/ -L/usr/lib64 -L/usr/lib CMakeFiles/cmTC_0d198.dir/CMakeCCompilerABI.c.o -Bdynamic -Bstatic -limf -lsvml -lirng -Bdynamic -lm -Bstatic -lipgo -ldecimal --as-needed -Bdynamic -lcilkrts -lstdc++ --no-as-needed -lgcc -lgcc_s -Bstatic -lirc -lsvml -Bdynamic -lc -lgcc -lgcc_s -Bstatic -lirc_s -Bdynamic -ldl -lc /usr/lib/gcc/x86_64-redhat-linux/4.8.3/crtend.o /usr/lib/gcc/x86_64-redhat-linux/4.8.3/../../../../lib64/crtn.o]
    arg [ld] ==> ignore
    arg [/usr/lib/gcc/x86_64-redhat-linux/4.8.3/../../../../lib64/crt1.o] ==> ignore
    arg [/usr/lib/gcc/x86_64-redhat-linux/4.8.3/../../../../lib64/crti.o] ==> ignore
    arg [/usr/lib/gcc/x86_64-redhat-linux/4.8.3/crtbegin.o] ==> ignore
    arg [-export-dynamic] ==> ignore
    arg [--eh-frame-hdr] ==> ignore
    arg [--build-id] ==> ignore
    arg [-dynamic-linker] ==> ignore
    arg [/lib64/ld-linux-x86-64.so.2] ==> ignore
    arg [-m] ==> ignore
    arg [elf_x86_64] ==> ignore
    arg [-o] ==> ignore
    arg [cmTC_0d198] ==> ignore
    arg [-L/opt/intel/compilers_and_libraries_2016.0.109/linux/compiler/lib/intel64] ==> dir [/opt/intel/compilers_and_libraries_2016.0.109/linux/compiler/lib/intel64]
    arg [-L/opt/intel/compilers_and_libraries_2016.0.109/linux/mkl/lib/intel64] ==> dir [/opt/intel/compilers_and_libraries_2016.0.109/linux/mkl/lib/intel64]
    arg [-L/opt/intel/compilers_and_libraries_2016.0.109/linux/tbb/lib/intel64/gcc4.4] ==> dir [/opt/intel/compilers_and_libraries_2016.0.109/linux/tbb/lib/intel64/gcc4.4]
    arg [-L/opt/intel/compilers_and_libraries_2016.0.109/linux/compiler/lib/intel64_lin] ==> dir [/opt/intel/compilers_and_libraries_2016.0.109/linux/compiler/lib/intel64_lin]
    arg [-L/usr/lib/gcc/x86_64-redhat-linux/4.8.3/] ==> dir [/usr/lib/gcc/x86_64-redhat-linux/4.8.3/]
    arg [-L/usr/lib/gcc/x86_64-redhat-linux/4.8.3/../../../../lib64] ==> dir [/usr/lib/gcc/x86_64-redhat-linux/4.8.3/../../../../lib64]
    arg [-L/usr/lib/gcc/x86_64-redhat-linux/4.8.3/../../../../lib64/] ==> dir [/usr/lib/gcc/x86_64-redhat-linux/4.8.3/../../../../lib64/]
    arg [-L/lib/../lib64] ==> dir [/lib/../lib64]
    arg [-L/lib/../lib64/] ==> dir [/lib/../lib64/]
    arg [-L/usr/lib/../lib64] ==> dir [/usr/lib/../lib64]
    arg [-L/usr/lib/../lib64/] ==> dir [/usr/lib/../lib64/]
    arg [-L/opt/intel/compilers_and_libraries_2016.0.109/linux/compiler/lib/intel64/] ==> dir [/opt/intel/compilers_and_libraries_2016.0.109/linux/compiler/lib/intel64/]
    arg [-L/opt/intel/compilers_and_libraries_2016.0.109/linux/mkl/lib/intel64/] ==> dir [/opt/intel/compilers_and_libraries_2016.0.109/linux/mkl/lib/intel64/]
    arg [-L/opt/intel/compilers_and_libraries_2016.0.109/linux/tbb/lib/intel64/gcc4.4/] ==> dir [/opt/intel/compilers_and_libraries_2016.0.109/linux/tbb/lib/intel64/gcc4.4/]
    arg [-L/usr/lib/gcc/x86_64-redhat-linux/4.8.3/../../../] ==> dir [/usr/lib/gcc/x86_64-redhat-linux/4.8.3/../../../]
    arg [-L/lib64] ==> dir [/lib64]
    arg [-L/lib/] ==> dir [/lib/]
    arg [-L/usr/lib64] ==> dir [/usr/lib64]
    arg [-L/usr/lib] ==> dir [/usr/lib]
    arg [CMakeFiles/cmTC_0d198.dir/CMakeCCompilerABI.c.o] ==> ignore
    arg [-Bdynamic] ==> ignore
    arg [-Bstatic] ==> ignore
    arg [-limf] ==> lib [imf]
    arg [-lsvml] ==> lib [svml]
    arg [-lirng] ==> lib [irng]
    arg [-Bdynamic] ==> ignore
    arg [-lm] ==> lib [m]
    arg [-Bstatic] ==> ignore
    arg [-lipgo] ==> lib [ipgo]
    arg [-ldecimal] ==> lib [decimal]
    arg [--as-needed] ==> ignore
    arg [-Bdynamic] ==> ignore
    arg [-lcilkrts] ==> lib [cilkrts]
    arg [-lstdc++] ==> lib [stdc++]
    arg [--no-as-needed] ==> ignore
    arg [-lgcc] ==> lib [gcc]
    arg [-lgcc_s] ==> lib [gcc_s]
    arg [-Bstatic] ==> ignore
    arg [-lirc] ==> lib [irc]
    arg [-lsvml] ==> lib [svml]
    arg [-Bdynamic] ==> ignore
    arg [-lc] ==> lib [c]
    arg [-lgcc] ==> lib [gcc]
    arg [-lgcc_s] ==> lib [gcc_s]
    arg [-Bstatic] ==> ignore
    arg [-lirc_s] ==> lib [irc_s]
    arg [-Bdynamic] ==> ignore
    arg [-ldl] ==> lib [dl]
    arg [-lc] ==> lib [c]
    arg [/usr/lib/gcc/x86_64-redhat-linux/4.8.3/crtend.o] ==> ignore
    arg [/usr/lib/gcc/x86_64-redhat-linux/4.8.3/../../../../lib64/crtn.o] ==> ignore
  remove lib [gcc]
  remove lib [gcc_s]
  remove lib [gcc]
  remove lib [gcc_s]
  collapse library dir [/opt/intel/compilers_and_libraries_2016.0.109/linux/compiler/lib/intel64] ==> [/opt/intel/compilers_and_libraries_2016.0.109/linux/compiler/lib/intel64]
  collapse library dir [/opt/intel/compilers_and_libraries_2016.0.109/linux/mkl/lib/intel64] ==> [/opt/intel/compilers_and_libraries_2016.0.109/linux/mkl/lib/intel64]
  collapse library dir [/opt/intel/compilers_and_libraries_2016.0.109/linux/tbb/lib/intel64/gcc4.4] ==> [/opt/intel/compilers_and_libraries_2016.0.109/linux/tbb/lib/intel64/gcc4.4]
  collapse library dir [/opt/intel/compilers_and_libraries_2016.0.109/linux/compiler/lib/intel64_lin] ==> [/opt/intel/compilers_and_libraries_2016.0.109/linux/compiler/lib/intel64_lin]
  collapse library dir [/usr/lib/gcc/x86_64-redhat-linux/4.8.3/] ==> [/usr/lib/gcc/x86_64-redhat-linux/4.8.3]
  collapse library dir [/usr/lib/gcc/x86_64-redhat-linux/4.8.3/../../../../lib64] ==> [/usr/lib64]
  collapse library dir [/usr/lib/gcc/x86_64-redhat-linux/4.8.3/../../../../lib64/] ==> [/usr/lib64]
  collapse library dir [/lib/../lib64] ==> [/lib64]
  collapse library dir [/lib/../lib64/] ==> [/lib64]
  collapse library dir [/usr/lib/../lib64] ==> [/usr/lib64]
  collapse library dir [/usr/lib/../lib64/] ==> [/usr/lib64]
  collapse library dir [/opt/intel/compilers_and_libraries_2016.0.109/linux/compiler/lib/intel64/] ==> [/opt/intel/compilers_and_libraries_2016.0.109/linux/compiler/lib/intel64]
  collapse library dir [/opt/intel/compilers_and_libraries_2016.0.109/linux/mkl/lib/intel64/] ==> [/opt/intel/compilers_and_libraries_2016.0.109/linux/mkl/lib/intel64]
  collapse library dir [/opt/intel/compilers_and_libraries_2016.0.109/linux/tbb/lib/intel64/gcc4.4/] ==> [/opt/intel/compilers_and_libraries_2016.0.109/linux/tbb/lib/intel64/gcc4.4]
  collapse library dir [/usr/lib/gcc/x86_64-redhat-linux/4.8.3/../../../] ==> [/usr/lib]
  collapse library dir [/lib64] ==> [/lib64]
  collapse library dir [/lib/] ==> [/lib]
  collapse library dir [/usr/lib64] ==> [/usr/lib64]
  collapse library dir [/usr/lib] ==> [/usr/lib]
  implicit libs: [imf;svml;irng;m;ipgo;decimal;cilkrts;stdc++;irc;svml;c;irc_s;dl;c]
  implicit dirs: [/opt/intel/compilers_and_libraries_2016.0.109/linux/compiler/lib/intel64;/opt/intel/compilers_and_libraries_2016.0.109/linux/mkl/lib/intel64;/opt/intel/compilers_and_libraries_2016.0.109/linux/tbb/lib/intel64/gcc4.4;/opt/intel/compilers_and_libraries_2016.0.109/linux/compiler/lib/intel64_lin;/usr/lib/gcc/x86_64-redhat-linux/4.8.3;/usr/lib64;/lib64;/usr/lib;/lib]
  implicit fwks: []


Determining if the CXX compiler works passed with the following output:
Change Dir: /home/ruman/u1/build/CMakeFiles/CMakeTmp

Run Build Command:"/usr/bin/gmake" "cmTC_a4193/fast"
/usr/bin/gmake -f CMakeFiles/cmTC_a4193.dir/build.make CMakeFiles/cmTC_a4193.dir/build
gmake[1]: Entering directory `/home/ruman/u1/build/CMakeFiles/CMakeTmp'
Building CXX object CMakeFiles/cmTC_a4193.dir/testCXXCompiler.cxx.o
/opt/intel/compilers_and_libraries_2016.0.109/linux/bin/intel64/icpc     -o CMakeFiles/cmTC_a4193.dir/testCXXCompiler.cxx.o -c /home/ruman/u1/build/CMakeFiles/CMakeTmp/testCXXCompiler.cxx
Linking CXX executable cmTC_a4193
/usr/local/stow/cmake-3.3.1/bin/cmake -E cmake_link_script CMakeFiles/cmTC_a4193.dir/link.txt --verbose=1
/opt/intel/compilers_and_libraries_2016.0.109/linux/bin/intel64/icpc        CMakeFiles/cmTC_a4193.dir/testCXXCompiler.cxx.o  -o cmTC_a4193 -rdynamic 
gmake[1]: Leaving directory `/home/ruman/u1/build/CMakeFiles/CMakeTmp'


Detecting CXX compiler ABI info compiled with the following output:
Change Dir: /home/ruman/u1/build/CMakeFiles/CMakeTmp

Run Build Command:"/usr/bin/gmake" "cmTC_dfcb6/fast"
/usr/bin/gmake -f CMakeFiles/cmTC_dfcb6.dir/build.make CMakeFiles/cmTC_dfcb6.dir/build
gmake[1]: Entering directory `/home/ruman/u1/build/CMakeFiles/CMakeTmp'
Building CXX object CMakeFiles/cmTC_dfcb6.dir/CMakeCXXCompilerABI.cpp.o
/opt/intel/compilers_and_libraries_2016.0.109/linux/bin/intel64/icpc     -o CMakeFiles/cmTC_dfcb6.dir/CMakeCXXCompilerABI.cpp.o -c /usr/local/stow/cmake-3.3.1/share/cmake-3.3/Modules/CMakeCXXCompilerABI.cpp
Linking CXX executable cmTC_dfcb6
/usr/local/stow/cmake-3.3.1/bin/cmake -E cmake_link_script CMakeFiles/cmTC_dfcb6.dir/link.txt --verbose=1
/opt/intel/compilers_and_libraries_2016.0.109/linux/bin/intel64/icpc       -v CMakeFiles/cmTC_dfcb6.dir/CMakeCXXCompilerABI.cpp.o  -o cmTC_dfcb6 -rdynamic  
icpc version 16.0.0 (gcc version 4.8.3 compatibility)
/opt/intel/compilers_and_libraries_2016.0.109/linux/bin/intel64/mcpcom    -mGLOB_em64t=TRUE -mP1OPT_version=16.0-intel64 -mGLOB_diag_file=CMakeFiles/cmTC_dfcb6.dir/CMakeCXXCompilerABI.cpp.diag -mP1OPT_print_version=FALSE -mCG_use_gas_got_workaround=F -mP2OPT_align_option_used=TRUE -mGLOB_gcc_version=483 "-mGLOB_options_string=-v -o cmTC_dfcb6 -rdynamic" -mGLOB_cxx_limited_range=FALSE -mCG_extend_parms=FALSE -mGLOB_compiler_bin_directory=/opt/intel/compilers_and_libraries_2016.0.109/linux/bin/intel64 -mGLOB_as_output_backup_file_name=/tmp/icpcj8h1SZas_.s -mGLOB_dashboard_use_source_name -mIPOPT_activate -mGLOB_product_id_code=0x22006d8e -mP3OPT_use_mspp_call_convention -mP2OPT_subs_out_of_bound=FALSE -mP2OPT_disam_type_based_disam=2 -mP2OPT_disam_assume_ansi_c -mP2OPT_checked_disam_ansi_alias=TRUE -mGLOB_ansi_alias -mPGOPTI_value_profile_use=T -mGLOB_opt_report_use_source_name -mP2OPT_il0_array_sections=TRUE -mGLOB_offload_mode=1 -mP2OPT_offload_unique_var_string=icpc010612908095Y3WM9I -mP2OPT_hlo -mP2OPT_hpo_rtt_control=0 -mIPOPT_args_in_regs=0 -mP2OPT_disam_assume_nonstd_intent_in=FALSE -mGLOB_imf_mapping_library=/opt/intel/compilers_and_libraries_2016.0.109/linux/bin/intel64/libiml_attr.so -mPGOPTI_gen_threadsafe_level=0 -mIPOPT_link -mIPOPT_ipo_activate -mIPOPT_mo_activate -mIPOPT_source_files_list=/tmp/icpcslis7DXYj0 -mIPOPT_mo_global_data -mIPOPT_link_script_file=/tmp/icpcscript3OK5Pk "-mIPOPT_cmdline_link="/usr/lib/gcc/x86_64-redhat-linux/4.8.3/../../../../lib64/crt1.o" "/usr/lib/gcc/x86_64-redhat-linux/4.8.3/../../../../lib64/crti.o" "/usr/lib/gcc/x86_64-redhat-linux/4.8.3/crtbegin.o" "-export-dynamic" "--eh-frame-hdr" "--build-id" "-dynamic-linker" "/lib64/ld-linux-x86-64.so.2" "-m" "elf_x86_64" "-o" "cmTC_dfcb6" "-L/opt/intel/compilers_and_libraries_2016.0.109/linux/compiler/lib/intel64" "-L/opt/intel/compilers_and_libraries_2016.0.109/linux/mkl/lib/intel64" "-L/opt/intel/compilers_and_libraries_2016.0.109/linux/tbb/lib/intel64/gcc4.4" "-L/opt/intel/compilers_and_libraries_2016.0.109/linux/compiler/lib/intel64_lin" "-L/usr/lib/gcc/x86_64-redhat-linux/4.8.3/" "-L/usr/lib/gcc/x86_64-redhat-linux/4.8.3/../../../../lib64" "-L/usr/lib/gcc/x86_64-redhat-linux/4.8.3/../../../../lib64/" "-L/lib/../lib64" "-L/lib/../lib64/" "-L/usr/lib/../lib64" "-L/usr/lib/../lib64/" "-L/opt/intel/compilers_and_libraries_2016.0.109/linux/compiler/lib/intel64/" "-L/opt/intel/compilers_and_libraries_2016.0.109/linux/mkl/lib/intel64/" "-L/opt/intel/compilers_and_libraries_2016.0.109/linux/tbb/lib/intel64/gcc4.4/" "-L/usr/lib/gcc/x86_64-redhat-linux/4.8.3/../../../" "-L/lib64" "-L/lib/" "-L/usr/lib64" "-L/usr/lib" "CMakeFiles/cmTC_dfcb6.dir/CMakeCXXCompilerABI.cpp.o" "-Bdynamic" "-Bstatic" "-limf" "-lsvml" "-lirng" "-Bdynamic" "-lm" "-Bstatic" "-lipgo" "-ldecimal" "--as-needed" "-Bdynamic" "-lcilkrts" "--no-as-needed" "-lstdc++" "-lgcc" "-lgcc_s" "-Bstatic" "-lirc" "-lsvml" "-Bdynamic" "-lc" "-lgcc" "-lgcc_s" "-Bstatic" "-lirc_s" "-Bdynamic" "-ldl" "-lc" "/usr/lib/gcc/x86_64-redhat-linux/4.8.3/crtend.o" "/usr/lib/gcc/x86_64-redhat-linux/4.8.3/../../../../lib64/crtn.o"" -mIPOPT_il_in_obj -mIPOPT_ipo_activate_warn=FALSE -mIPOPT_obj_output_file_name=/tmp/ipo_icpcDkLwd1.o -mIPOPT_whole_archive_fixup_file_name=/tmp/icpcwarch8B0fvj -mGLOB_linker_version=2.23.52.0.1 -mGLOB_long_size_64 -mGLOB_routine_pointer_size_64 -mGLOB_driver_tempfile_name=/tmp/icpctempfilen3P75D -mP3OPT_asm_target=P3OPT_ASM_TARGET_GAS -mGLOB_async_unwind_tables=TRUE -mGLOB_obj_output_file=/tmp/ipo_icpcDkLwd1.o -mGLOB_source_dialect=GLOB_SOURCE_DIALECT_NONE -mP1OPT_source_file_name=ipo_out.c CMakeFiles/cmTC_dfcb6.dir/CMakeCXXCompilerABI.cpp.o -mIPOPT_object_files=T -mIPOPT_assembly_files=/tmp/icpcalisXvIDfG -mIPOPT_generated_tempfiles=/tmp/icpcelisCa1HL0 -mIPOPT_embedded_object_base_name=/tmp/icpceobjui5Mhl -mIPOPT_cmdline_link_new_name=/tmp/icpcllisFKDSNF
ld    /usr/lib/gcc/x86_64-redhat-linux/4.8.3/../../../../lib64/crt1.o /usr/lib/gcc/x86_64-redhat-linux/4.8.3/../../../../lib64/crti.o /usr/lib/gcc/x86_64-redhat-linux/4.8.3/crtbegin.o -export-dynamic --eh-frame-hdr --build-id -dynamic-linker /lib64/ld-linux-x86-64.so.2 -m elf_x86_64 -o cmTC_dfcb6 -L/opt/intel/compilers_and_libraries_2016.0.109/linux/compiler/lib/intel64 -L/opt/intel/compilers_and_libraries_2016.0.109/linux/mkl/lib/intel64 -L/opt/intel/compilers_and_libraries_2016.0.109/linux/tbb/lib/intel64/gcc4.4 -L/opt/intel/compilers_and_libraries_2016.0.109/linux/compiler/lib/intel64_lin -L/usr/lib/gcc/x86_64-redhat-linux/4.8.3/ -L/usr/lib/gcc/x86_64-redhat-linux/4.8.3/../../../../lib64 -L/usr/lib/gcc/x86_64-redhat-linux/4.8.3/../../../../lib64/ -L/lib/../lib64 -L/lib/../lib64/ -L/usr/lib/../lib64 -L/usr/lib/../lib64/ -L/opt/intel/compilers_and_libraries_2016.0.109/linux/compiler/lib/intel64/ -L/opt/intel/compilers_and_libraries_2016.0.109/linux/mkl/lib/intel64/ -L/opt/intel/compilers_and_libraries_2016.0.109/linux/tbb/lib/intel64/gcc4.4/ -L/usr/lib/gcc/x86_64-redhat-linux/4.8.3/../../../ -L/lib64 -L/lib/ -L/usr/lib64 -L/usr/lib CMakeFiles/cmTC_dfcb6.dir/CMakeCXXCompilerABI.cpp.o -Bdynamic -Bstatic -limf -lsvml -lirng -Bdynamic -lm -Bstatic -lipgo -ldecimal --as-needed -Bdynamic -lcilkrts --no-as-needed -lstdc++ -lgcc -lgcc_s -Bstatic -lirc -lsvml -Bdynamic -lc -lgcc -lgcc_s -Bstatic -lirc_s -Bdynamic -ldl -lc /usr/lib/gcc/x86_64-redhat-linux/4.8.3/crtend.o /usr/lib/gcc/x86_64-redhat-linux/4.8.3/../../../../lib64/crtn.o
gmake[1]: Leaving directory `/home/ruman/u1/build/CMakeFiles/CMakeTmp'


Parsed CXX implicit link information from above output:
  link line regex: [^( *|.*[/\])(ld|([^/\]+-)?ld|collect2)[^/\]*( |$)]
  ignore line: [Change Dir: /home/ruman/u1/build/CMakeFiles/CMakeTmp]
  ignore line: []
  ignore line: [Run Build Command:"/usr/bin/gmake" "cmTC_dfcb6/fast"]
  ignore line: [/usr/bin/gmake -f CMakeFiles/cmTC_dfcb6.dir/build.make CMakeFiles/cmTC_dfcb6.dir/build]
  ignore line: [gmake[1]: Entering directory `/home/ruman/u1/build/CMakeFiles/CMakeTmp']
  ignore line: [Building CXX object CMakeFiles/cmTC_dfcb6.dir/CMakeCXXCompilerABI.cpp.o]
  ignore line: [/opt/intel/compilers_and_libraries_2016.0.109/linux/bin/intel64/icpc     -o CMakeFiles/cmTC_dfcb6.dir/CMakeCXXCompilerABI.cpp.o -c /usr/local/stow/cmake-3.3.1/share/cmake-3.3/Modules/CMakeCXXCompilerABI.cpp]
  ignore line: [Linking CXX executable cmTC_dfcb6]
  ignore line: [/usr/local/stow/cmake-3.3.1/bin/cmake -E cmake_link_script CMakeFiles/cmTC_dfcb6.dir/link.txt --verbose=1]
  ignore line: [/opt/intel/compilers_and_libraries_2016.0.109/linux/bin/intel64/icpc       -v CMakeFiles/cmTC_dfcb6.dir/CMakeCXXCompilerABI.cpp.o  -o cmTC_dfcb6 -rdynamic  ]
  ignore line: [icpc version 16.0.0 (gcc version 4.8.3 compatibility)]
  ignore line: [/opt/intel/compilers_and_libraries_2016.0.109/linux/bin/intel64/mcpcom    -mGLOB_em64t=TRUE -mP1OPT_version=16.0-intel64 -mGLOB_diag_file=CMakeFiles/cmTC_dfcb6.dir/CMakeCXXCompilerABI.cpp.diag -mP1OPT_print_version=FALSE -mCG_use_gas_got_workaround=F -mP2OPT_align_option_used=TRUE -mGLOB_gcc_version=483 "-mGLOB_options_string=-v -o cmTC_dfcb6 -rdynamic" -mGLOB_cxx_limited_range=FALSE -mCG_extend_parms=FALSE -mGLOB_compiler_bin_directory=/opt/intel/compilers_and_libraries_2016.0.109/linux/bin/intel64 -mGLOB_as_output_backup_file_name=/tmp/icpcj8h1SZas_.s -mGLOB_dashboard_use_source_name -mIPOPT_activate -mGLOB_product_id_code=0x22006d8e -mP3OPT_use_mspp_call_convention -mP2OPT_subs_out_of_bound=FALSE -mP2OPT_disam_type_based_disam=2 -mP2OPT_disam_assume_ansi_c -mP2OPT_checked_disam_ansi_alias=TRUE -mGLOB_ansi_alias -mPGOPTI_value_profile_use=T -mGLOB_opt_report_use_source_name -mP2OPT_il0_array_sections=TRUE -mGLOB_offload_mode=1 -mP2OPT_offload_unique_var_string=icpc010612908095Y3WM9I -mP2OPT_hlo -mP2OPT_hpo_rtt_control=0 -mIPOPT_args_in_regs=0 -mP2OPT_disam_assume_nonstd_intent_in=FALSE -mGLOB_imf_mapping_library=/opt/intel/compilers_and_libraries_2016.0.109/linux/bin/intel64/libiml_attr.so -mPGOPTI_gen_threadsafe_level=0 -mIPOPT_link -mIPOPT_ipo_activate -mIPOPT_mo_activate -mIPOPT_source_files_list=/tmp/icpcslis7DXYj0 -mIPOPT_mo_global_data -mIPOPT_link_script_file=/tmp/icpcscript3OK5Pk "-mIPOPT_cmdline_link="/usr/lib/gcc/x86_64-redhat-linux/4.8.3/../../../../lib64/crt1.o" "/usr/lib/gcc/x86_64-redhat-linux/4.8.3/../../../../lib64/crti.o" "/usr/lib/gcc/x86_64-redhat-linux/4.8.3/crtbegin.o" "-export-dynamic" "--eh-frame-hdr" "--build-id" "-dynamic-linker" "/lib64/ld-linux-x86-64.so.2" "-m" "elf_x86_64" "-o" "cmTC_dfcb6" "-L/opt/intel/compilers_and_libraries_2016.0.109/linux/compiler/lib/intel64" "-L/opt/intel/compilers_and_libraries_2016.0.109/linux/mkl/lib/intel64" "-L/opt/intel/compilers_and_libraries_2016.0.109/linux/tbb/lib/intel64/gcc4.4" "-L/opt/intel/compilers_and_libraries_2016.0.109/linux/compiler/lib/intel64_lin" "-L/usr/lib/gcc/x86_64-redhat-linux/4.8.3/" "-L/usr/lib/gcc/x86_64-redhat-linux/4.8.3/../../../../lib64" "-L/usr/lib/gcc/x86_64-redhat-linux/4.8.3/../../../../lib64/" "-L/lib/../lib64" "-L/lib/../lib64/" "-L/usr/lib/../lib64" "-L/usr/lib/../lib64/" "-L/opt/intel/compilers_and_libraries_2016.0.109/linux/compiler/lib/intel64/" "-L/opt/intel/compilers_and_libraries_2016.0.109/linux/mkl/lib/intel64/" "-L/opt/intel/compilers_and_libraries_2016.0.109/linux/tbb/lib/intel64/gcc4.4/" "-L/usr/lib/gcc/x86_64-redhat-linux/4.8.3/../../../" "-L/lib64" "-L/lib/" "-L/usr/lib64" "-L/usr/lib" "CMakeFiles/cmTC_dfcb6.dir/CMakeCXXCompilerABI.cpp.o" "-Bdynamic" "-Bstatic" "-limf" "-lsvml" "-lirng" "-Bdynamic" "-lm" "-Bstatic" "-lipgo" "-ldecimal" "--as-needed" "-Bdynamic" "-lcilkrts" "--no-as-needed" "-lstdc++" "-lgcc" "-lgcc_s" "-Bstatic" "-lirc" "-lsvml" "-Bdynamic" "-lc" "-lgcc" "-lgcc_s" "-Bstatic" "-lirc_s" "-Bdynamic" "-ldl" "-lc" "/usr/lib/gcc/x86_64-redhat-linux/4.8.3/crtend.o" "/usr/lib/gcc/x86_64-redhat-linux/4.8.3/../../../../lib64/crtn.o"" -mIPOPT_il_in_obj -mIPOPT_ipo_activate_warn=FALSE -mIPOPT_obj_output_file_name=/tmp/ipo_icpcDkLwd1.o -mIPOPT_whole_archive_fixup_file_name=/tmp/icpcwarch8B0fvj -mGLOB_linker_version=2.23.52.0.1 -mGLOB_long_size_64 -mGLOB_routine_pointer_size_64 -mGLOB_driver_tempfile_name=/tmp/icpctempfilen3P75D -mP3OPT_asm_target=P3OPT_ASM_TARGET_GAS -mGLOB_async_unwind_tables=TRUE -mGLOB_obj_output_file=/tmp/ipo_icpcDkLwd1.o -mGLOB_source_dialect=GLOB_SOURCE_DIALECT_NONE -mP1OPT_source_file_name=ipo_out.c CMakeFiles/cmTC_dfcb6.dir/CMakeCXXCompilerABI.cpp.o -mIPOPT_object_files=T -mIPOPT_assembly_files=/tmp/icpcalisXvIDfG -mIPOPT_generated_tempfiles=/tmp/icpcelisCa1HL0 -mIPOPT_embedded_object_base_name=/tmp/icpceobjui5Mhl -mIPOPT_cmdline_link_new_name=/tmp/icpcllisFKDSNF]
  link line: [ld    /usr/lib/gcc/x86_64-redhat-linux/4.8.3/../../../../lib64/crt1.o /usr/lib/gcc/x86_64-redhat-linux/4.8.3/../../../../lib64/crti.o /usr/lib/gcc/x86_64-redhat-linux/4.8.3/crtbegin.o -export-dynamic --eh-frame-hdr --build-id -dynamic-linker /lib64/ld-linux-x86-64.so.2 -m elf_x86_64 -o cmTC_dfcb6 -L/opt/intel/compilers_and_libraries_2016.0.109/linux/compiler/lib/intel64 -L/opt/intel/compilers_and_libraries_2016.0.109/linux/mkl/lib/intel64 -L/opt/intel/compilers_and_libraries_2016.0.109/linux/tbb/lib/intel64/gcc4.4 -L/opt/intel/compilers_and_libraries_2016.0.109/linux/compiler/lib/intel64_lin -L/usr/lib/gcc/x86_64-redhat-linux/4.8.3/ -L/usr/lib/gcc/x86_64-redhat-linux/4.8.3/../../../../lib64 -L/usr/lib/gcc/x86_64-redhat-linux/4.8.3/../../../../lib64/ -L/lib/../lib64 -L/lib/../lib64/ -L/usr/lib/../lib64 -L/usr/lib/../lib64/ -L/opt/intel/compilers_and_libraries_2016.0.109/linux/compiler/lib/intel64/ -L/opt/intel/compilers_and_libraries_2016.0.109/linux/mkl/lib/intel64/ -L/opt/intel/compilers_and_libraries_2016.0.109/linux/tbb/lib/intel64/gcc4.4/ -L/usr/lib/gcc/x86_64-redhat-linux/4.8.3/../../../ -L/lib64 -L/lib/ -L/usr/lib64 -L/usr/lib CMakeFiles/cmTC_dfcb6.dir/CMakeCXXCompilerABI.cpp.o -Bdynamic -Bstatic -limf -lsvml -lirng -Bdynamic -lm -Bstatic -lipgo -ldecimal --as-needed -Bdynamic -lcilkrts --no-as-needed -lstdc++ -lgcc -lgcc_s -Bstatic -lirc -lsvml -Bdynamic -lc -lgcc -lgcc_s -Bstatic -lirc_s -Bdynamic -ldl -lc /usr/lib/gcc/x86_64-redhat-linux/4.8.3/crtend.o /usr/lib/gcc/x86_64-redhat-linux/4.8.3/../../../../lib64/crtn.o]
    arg [ld] ==> ignore
    arg [/usr/lib/gcc/x86_64-redhat-linux/4.8.3/../../../../lib64/crt1.o] ==> ignore
    arg [/usr/lib/gcc/x86_64-redhat-linux/4.8.3/../../../../lib64/crti.o] ==> ignore
    arg [/usr/lib/gcc/x86_64-redhat-linux/4.8.3/crtbegin.o] ==> ignore
    arg [-export-dynamic] ==> ignore
    arg [--eh-frame-hdr] ==> ignore
    arg [--build-id] ==> ignore
    arg [-dynamic-linker] ==> ignore
    arg [/lib64/ld-linux-x86-64.so.2] ==> ignore
    arg [-m] ==> ignore
    arg [elf_x86_64] ==> ignore
    arg [-o] ==> ignore
    arg [cmTC_dfcb6] ==> ignore
    arg [-L/opt/intel/compilers_and_libraries_2016.0.109/linux/compiler/lib/intel64] ==> dir [/opt/intel/compilers_and_libraries_2016.0.109/linux/compiler/lib/intel64]
    arg [-L/opt/intel/compilers_and_libraries_2016.0.109/linux/mkl/lib/intel64] ==> dir [/opt/intel/compilers_and_libraries_2016.0.109/linux/mkl/lib/intel64]
    arg [-L/opt/intel/compilers_and_libraries_2016.0.109/linux/tbb/lib/intel64/gcc4.4] ==> dir [/opt/intel/compilers_and_libraries_2016.0.109/linux/tbb/lib/intel64/gcc4.4]
    arg [-L/opt/intel/compilers_and_libraries_2016.0.109/linux/compiler/lib/intel64_lin] ==> dir [/opt/intel/compilers_and_libraries_2016.0.109/linux/compiler/lib/intel64_lin]
    arg [-L/usr/lib/gcc/x86_64-redhat-linux/4.8.3/] ==> dir [/usr/lib/gcc/x86_64-redhat-linux/4.8.3/]
    arg [-L/usr/lib/gcc/x86_64-redhat-linux/4.8.3/../../../../lib64] ==> dir [/usr/lib/gcc/x86_64-redhat-linux/4.8.3/../../../../lib64]
    arg [-L/usr/lib/gcc/x86_64-redhat-linux/4.8.3/../../../../lib64/] ==> dir [/usr/lib/gcc/x86_64-redhat-linux/4.8.3/../../../../lib64/]
    arg [-L/lib/../lib64] ==> dir [/lib/../lib64]
    arg [-L/lib/../lib64/] ==> dir [/lib/../lib64/]
    arg [-L/usr/lib/../lib64] ==> dir [/usr/lib/../lib64]
    arg [-L/usr/lib/../lib64/] ==> dir [/usr/lib/../lib64/]
    arg [-L/opt/intel/compilers_and_libraries_2016.0.109/linux/compiler/lib/intel64/] ==> dir [/opt/intel/compilers_and_libraries_2016.0.109/linux/compiler/lib/intel64/]
    arg [-L/opt/intel/compilers_and_libraries_2016.0.109/linux/mkl/lib/intel64/] ==> dir [/opt/intel/compilers_and_libraries_2016.0.109/linux/mkl/lib/intel64/]
    arg [-L/opt/intel/compilers_and_libraries_2016.0.109/linux/tbb/lib/intel64/gcc4.4/] ==> dir [/opt/intel/compilers_and_libraries_2016.0.109/linux/tbb/lib/intel64/gcc4.4/]
    arg [-L/usr/lib/gcc/x86_64-redhat-linux/4.8.3/../../../] ==> dir [/usr/lib/gcc/x86_64-redhat-linux/4.8.3/../../../]
    arg [-L/lib64] ==> dir [/lib64]
    arg [-L/lib/] ==> dir [/lib/]
    arg [-L/usr/lib64] ==> dir [/usr/lib64]
    arg [-L/usr/lib] ==> dir [/usr/lib]
    arg [CMakeFiles/cmTC_dfcb6.dir/CMakeCXXCompilerABI.cpp.o] ==> ignore
    arg [-Bdynamic] ==> ignore
    arg [-Bstatic] ==> ignore
    arg [-limf] ==> lib [imf]
    arg [-lsvml] ==> lib [svml]
    arg [-lirng] ==> lib [irng]
    arg [-Bdynamic] ==> ignore
    arg [-lm] ==> lib [m]
    arg [-Bstatic] ==> ignore
    arg [-lipgo] ==> lib [ipgo]
    arg [-ldecimal] ==> lib [decimal]
    arg [--as-needed] ==> ignore
    arg [-Bdynamic] ==> ignore
    arg [-lcilkrts] ==> lib [cilkrts]
    arg [--no-as-needed] ==> ignore
    arg [-lstdc++] ==> lib [stdc++]
    arg [-lgcc] ==> lib [gcc]
    arg [-lgcc_s] ==> lib [gcc_s]
    arg [-Bstatic] ==> ignore
    arg [-lirc] ==> lib [irc]
    arg [-lsvml] ==> lib [svml]
    arg [-Bdynamic] ==> ignore
    arg [-lc] ==> lib [c]
    arg [-lgcc] ==> lib [gcc]
    arg [-lgcc_s] ==> lib [gcc_s]
    arg [-Bstatic] ==> ignore
    arg [-lirc_s] ==> lib [irc_s]
    arg [-Bdynamic] ==> ignore
    arg [-ldl] ==> lib [dl]
    arg [-lc] ==> lib [c]
    arg [/usr/lib/gcc/x86_64-redhat-linux/4.8.3/crtend.o] ==> ignore
    arg [/usr/lib/gcc/x86_64-redhat-linux/4.8.3/../../../../lib64/crtn.o] ==> ignore
  remove lib [gcc]
  remove lib [gcc_s]
  remove lib [gcc]
  remove lib [gcc_s]
  collapse library dir [/opt/intel/compilers_and_libraries_2016.0.109/linux/compiler/lib/intel64] ==> [/opt/intel/compilers_and_libraries_2016.0.109/linux/compiler/lib/intel64]
  collapse library dir [/opt/intel/compilers_and_libraries_2016.0.109/linux/mkl/lib/intel64] ==> [/opt/intel/compilers_and_libraries_2016.0.109/linux/mkl/lib/intel64]
  collapse library dir [/opt/intel/compilers_and_libraries_2016.0.109/linux/tbb/lib/intel64/gcc4.4] ==> [/opt/intel/compilers_and_libraries_2016.0.109/linux/tbb/lib/intel64/gcc4.4]
  collapse library dir [/opt/intel/compilers_and_libraries_2016.0.109/linux/compiler/lib/intel64_lin] ==> [/opt/intel/compilers_and_libraries_2016.0.109/linux/compiler/lib/intel64_lin]
  collapse library dir [/usr/lib/gcc/x86_64-redhat-linux/4.8.3/] ==> [/usr/lib/gcc/x86_64-redhat-linux/4.8.3]
  collapse library dir [/usr/lib/gcc/x86_64-redhat-linux/4.8.3/../../../../lib64] ==> [/usr/lib64]
  collapse library dir [/usr/lib/gcc/x86_64-redhat-linux/4.8.3/../../../../lib64/] ==> [/usr/lib64]
  collapse library dir [/lib/../lib64] ==> [/lib64]
  collapse library dir [/lib/../lib64/] ==> [/lib64]
  collapse library dir [/usr/lib/../lib64] ==> [/usr/lib64]
  collapse library dir [/usr/lib/../lib64/] ==> [/usr/lib64]
  collapse library dir [/opt/intel/compilers_and_libraries_2016.0.109/linux/compiler/lib/intel64/] ==> [/opt/intel/compilers_and_libraries_2016.0.109/linux/compiler/lib/intel64]
  collapse library dir [/opt/intel/compilers_and_libraries_2016.0.109/linux/mkl/lib/intel64/] ==> [/opt/intel/compilers_and_libraries_2016.0.109/linux/mkl/lib/intel64]
  collapse library dir [/opt/intel/compilers_and_libraries_2016.0.109/linux/tbb/lib/intel64/gcc4.4/] ==> [/opt/intel/compilers_and_libraries_2016.0.109/linux/tbb/lib/intel64/gcc4.4]
  collapse library dir [/usr/lib/gcc/x86_64-redhat-linux/4.8.3/../../../] ==> [/usr/lib]
  collapse library dir [/lib64] ==> [/lib64]
  collapse library dir [/lib/] ==> [/lib]
  collapse library dir [/usr/lib64] ==> [/usr/lib64]
  collapse library dir [/usr/lib] ==> [/usr/lib]
  implicit libs: [imf;svml;irng;m;ipgo;decimal;cilkrts;stdc++;irc;svml;c;irc_s;dl;c]
  implicit dirs: [/opt/intel/compilers_and_libraries_2016.0.109/linux/compiler/lib/intel64;/opt/intel/compilers_and_libraries_2016.0.109/linux/mkl/lib/intel64;/opt/intel/compilers_and_libraries_2016.0.109/linux/tbb/lib/intel64/gcc4.4;/opt/intel/compilers_and_libraries_2016.0.109/linux/compiler/lib/intel64_lin;/usr/lib/gcc/x86_64-redhat-linux/4.8.3;/usr/lib64;/lib64;/usr/lib;/lib]
  implicit fwks: []


